{"C:\\Users\\sunio\\Desktop\\pr-convention-bridge\\src\\background\\api-client.ts": {"path":"C:\\Users\\sunio\\Desktop\\pr-convention-bridge\\src\\background\\api-client.ts","statementMap":{"0":{"start":{"line":44,"column":4},"end":{"line":44,"column":null}},"1":{"start":{"line":45,"column":4},"end":{"line":45,"column":null}},"2":{"start":{"line":48,"column":4},"end":{"line":55,"column":null}},"3":{"start":{"line":49,"column":6},"end":{"line":49,"column":null}},"4":{"start":{"line":51,"column":28},"end":{"line":51,"column":null}},"5":{"start":{"line":53,"column":23},"end":{"line":53,"column":null}},"6":{"start":{"line":54,"column":6},"end":{"line":54,"column":null}},"7":{"start":{"line":57,"column":4},"end":{"line":57,"column":null}},"8":{"start":{"line":64,"column":4},"end":{"line":77,"column":null}},"9":{"start":{"line":65,"column":6},"end":{"line":71,"column":null}},"10":{"start":{"line":66,"column":21},"end":{"line":66,"column":null}},"11":{"start":{"line":67,"column":8},"end":{"line":67,"column":null}},"12":{"start":{"line":69,"column":21},"end":{"line":69,"column":null}},"13":{"start":{"line":70,"column":8},"end":{"line":70,"column":null}},"14":{"start":{"line":73,"column":6},"end":{"line":76,"column":null}},"15":{"start":{"line":84,"column":21},"end":{"line":84,"column":null}},"16":{"start":{"line":85,"column":4},"end":{"line":85,"column":null}},"17":{"start":{"line":92,"column":21},"end":{"line":92,"column":null}},"18":{"start":{"line":93,"column":4},"end":{"line":93,"column":null}},"19":{"start":{"line":103,"column":4},"end":{"line":107,"column":null}},"20":{"start":{"line":104,"column":6},"end":{"line":104,"column":null}},"21":{"start":{"line":106,"column":6},"end":{"line":106,"column":null}},"22":{"start":{"line":117,"column":4},"end":{"line":135,"column":null}},"23":{"start":{"line":118,"column":18},"end":{"line":118,"column":null}},"24":{"start":{"line":119,"column":23},"end":{"line":119,"column":null}},"25":{"start":{"line":120,"column":20},"end":{"line":120,"column":null}},"26":{"start":{"line":122,"column":6},"end":{"line":126,"column":null}},"27":{"start":{"line":122,"column":39},"end":{"line":126,"column":8}},"28":{"start":{"line":129,"column":6},"end":{"line":132,"column":null}},"29":{"start":{"line":130,"column":8},"end":{"line":130,"column":null}},"30":{"start":{"line":131,"column":8},"end":{"line":131,"column":null}},"31":{"start":{"line":134,"column":6},"end":{"line":134,"column":null}},"32":{"start":{"line":145,"column":4},"end":{"line":164,"column":null}},"33":{"start":{"line":146,"column":26},"end":{"line":146,"column":null}},"34":{"start":{"line":147,"column":18},"end":{"line":147,"column":null}},"35":{"start":{"line":148,"column":23},"end":{"line":148,"column":null}},"36":{"start":{"line":149,"column":20},"end":{"line":149,"column":null}},"37":{"start":{"line":151,"column":6},"end":{"line":155,"column":null}},"38":{"start":{"line":151,"column":39},"end":{"line":155,"column":8}},"39":{"start":{"line":158,"column":6},"end":{"line":161,"column":null}},"40":{"start":{"line":159,"column":8},"end":{"line":159,"column":null}},"41":{"start":{"line":160,"column":8},"end":{"line":160,"column":null}},"42":{"start":{"line":163,"column":6},"end":{"line":163,"column":null}},"43":{"start":{"line":174,"column":4},"end":{"line":183,"column":null}},"44":{"start":{"line":175,"column":6},"end":{"line":179,"column":null}},"45":{"start":{"line":176,"column":8},"end":{"line":176,"column":null}},"46":{"start":{"line":178,"column":8},"end":{"line":178,"column":null}},"47":{"start":{"line":181,"column":6},"end":{"line":181,"column":null}},"48":{"start":{"line":182,"column":6},"end":{"line":182,"column":null}},"49":{"start":{"line":193,"column":16},"end":{"line":193,"column":null}},"50":{"start":{"line":194,"column":21},"end":{"line":194,"column":null}},"51":{"start":{"line":196,"column":4},"end":{"line":200,"column":null}},"52":{"start":{"line":210,"column":24},"end":{"line":210,"column":null}},"53":{"start":{"line":211,"column":21},"end":{"line":211,"column":null}},"54":{"start":{"line":212,"column":16},"end":{"line":212,"column":null}},"55":{"start":{"line":213,"column":21},"end":{"line":213,"column":null}},"56":{"start":{"line":215,"column":4},"end":{"line":218,"column":null}},"57":{"start":{"line":232,"column":4},"end":{"line":242,"column":null}},"58":{"start":{"line":233,"column":6},"end":{"line":237,"column":null}},"59":{"start":{"line":234,"column":8},"end":{"line":234,"column":null}},"60":{"start":{"line":236,"column":8},"end":{"line":236,"column":null}},"61":{"start":{"line":238,"column":6},"end":{"line":238,"column":null}},"62":{"start":{"line":240,"column":6},"end":{"line":240,"column":null}},"63":{"start":{"line":241,"column":6},"end":{"line":241,"column":null}},"64":{"start":{"line":256,"column":16},"end":{"line":256,"column":null}},"65":{"start":{"line":258,"column":22},"end":{"line":263,"column":null}},"66":{"start":{"line":265,"column":4},"end":{"line":267,"column":null}},"67":{"start":{"line":266,"column":6},"end":{"line":266,"column":null}},"68":{"start":{"line":269,"column":4},"end":{"line":272,"column":null}},"69":{"start":{"line":285,"column":24},"end":{"line":285,"column":null}},"70":{"start":{"line":286,"column":21},"end":{"line":286,"column":null}},"71":{"start":{"line":289,"column":25},"end":{"line":289,"column":null}},"72":{"start":{"line":290,"column":19},"end":{"line":290,"column":null}},"73":{"start":{"line":292,"column":16},"end":{"line":292,"column":null}},"74":{"start":{"line":294,"column":17},"end":{"line":299,"column":null}},"75":{"start":{"line":301,"column":4},"end":{"line":304,"column":null}},"76":{"start":{"line":315,"column":4},"end":{"line":336,"column":null}},"77":{"start":{"line":316,"column":6},"end":{"line":321,"column":null}},"78":{"start":{"line":323,"column":6},"end":{"line":327,"column":null}},"79":{"start":{"line":324,"column":8},"end":{"line":324,"column":null}},"80":{"start":{"line":326,"column":8},"end":{"line":326,"column":null}},"81":{"start":{"line":328,"column":6},"end":{"line":328,"column":null}},"82":{"start":{"line":330,"column":6},"end":{"line":330,"column":null}},"83":{"start":{"line":331,"column":6},"end":{"line":334,"column":null}},"84":{"start":{"line":332,"column":8},"end":{"line":332,"column":null}},"85":{"start":{"line":333,"column":8},"end":{"line":333,"column":null}},"86":{"start":{"line":335,"column":6},"end":{"line":335,"column":null}},"87":{"start":{"line":347,"column":4},"end":{"line":404,"column":null}},"88":{"start":{"line":348,"column":6},"end":{"line":348,"column":null}},"89":{"start":{"line":349,"column":6},"end":{"line":353,"column":null}},"90":{"start":{"line":357,"column":32},"end":{"line":357,"column":null}},"91":{"start":{"line":358,"column":21},"end":{"line":358,"column":null}},"92":{"start":{"line":359,"column":6},"end":{"line":359,"column":null}},"93":{"start":{"line":360,"column":6},"end":{"line":360,"column":null}},"94":{"start":{"line":361,"column":6},"end":{"line":361,"column":null}},"95":{"start":{"line":364,"column":6},"end":{"line":372,"column":null}},"96":{"start":{"line":365,"column":8},"end":{"line":365,"column":null}},"97":{"start":{"line":367,"column":8},"end":{"line":367,"column":null}},"98":{"start":{"line":368,"column":8},"end":{"line":368,"column":null}},"99":{"start":{"line":369,"column":8},"end":{"line":369,"column":null}},"100":{"start":{"line":370,"column":8},"end":{"line":370,"column":null}},"101":{"start":{"line":371,"column":8},"end":{"line":371,"column":null}},"102":{"start":{"line":374,"column":18},"end":{"line":374,"column":null}},"103":{"start":{"line":375,"column":6},"end":{"line":375,"column":null}},"104":{"start":{"line":378,"column":24},"end":{"line":378,"column":null}},"105":{"start":{"line":379,"column":6},"end":{"line":379,"column":null}},"106":{"start":{"line":380,"column":6},"end":{"line":380,"column":null}},"107":{"start":{"line":381,"column":6},"end":{"line":381,"column":null}},"108":{"start":{"line":383,"column":6},"end":{"line":396,"column":null}},"109":{"start":{"line":384,"column":8},"end":{"line":390,"column":null}},"110":{"start":{"line":392,"column":8},"end":{"line":392,"column":null}},"111":{"start":{"line":393,"column":8},"end":{"line":393,"column":null}},"112":{"start":{"line":394,"column":8},"end":{"line":394,"column":null}},"113":{"start":{"line":395,"column":8},"end":{"line":395,"column":null}},"114":{"start":{"line":398,"column":6},"end":{"line":398,"column":null}},"115":{"start":{"line":399,"column":6},"end":{"line":399,"column":null}},"116":{"start":{"line":401,"column":6},"end":{"line":401,"column":null}},"117":{"start":{"line":402,"column":6},"end":{"line":402,"column":null}},"118":{"start":{"line":403,"column":6},"end":{"line":403,"column":null}},"119":{"start":{"line":415,"column":24},"end":{"line":415,"column":null}},"120":{"start":{"line":416,"column":16},"end":{"line":416,"column":null}},"121":{"start":{"line":418,"column":4},"end":{"line":424,"column":null}},"122":{"start":{"line":437,"column":4},"end":{"line":450,"column":null}},"123":{"start":{"line":438,"column":6},"end":{"line":444,"column":null}},"124":{"start":{"line":439,"column":20},"end":{"line":439,"column":null}},"125":{"start":{"line":440,"column":8},"end":{"line":440,"column":null}},"126":{"start":{"line":442,"column":20},"end":{"line":442,"column":null}},"127":{"start":{"line":443,"column":8},"end":{"line":443,"column":null}},"128":{"start":{"line":446,"column":6},"end":{"line":449,"column":null}},"129":{"start":{"line":463,"column":16},"end":{"line":463,"column":null}},"130":{"start":{"line":464,"column":21},"end":{"line":472,"column":null}},"131":{"start":{"line":474,"column":4},"end":{"line":474,"column":null}},"132":{"start":{"line":487,"column":24},"end":{"line":487,"column":null}},"133":{"start":{"line":488,"column":16},"end":{"line":488,"column":null}},"134":{"start":{"line":489,"column":21},"end":{"line":497,"column":null}},"135":{"start":{"line":499,"column":4},"end":{"line":499,"column":null}},"136":{"start":{"line":507,"column":4},"end":{"line":507,"column":null}},"137":{"start":{"line":509,"column":33},"end":{"line":516,"column":null}},"138":{"start":{"line":518,"column":21},"end":{"line":524,"column":null}},"139":{"start":{"line":526,"column":4},"end":{"line":530,"column":null}},"140":{"start":{"line":527,"column":24},"end":{"line":527,"column":null}},"141":{"start":{"line":528,"column":6},"end":{"line":528,"column":null}},"142":{"start":{"line":529,"column":6},"end":{"line":529,"column":null}},"143":{"start":{"line":532,"column":4},"end":{"line":532,"column":null}},"144":{"start":{"line":533,"column":4},"end":{"line":533,"column":null}}},"fnMap":{"0":{"name":"(anonymous_0)","decl":{"start":{"line":43,"column":2},"end":{"line":43,"column":14}},"loc":{"start":{"line":43,"column":41},"end":{"line":58,"column":null}},"line":43},"1":{"name":"(anonymous_1)","decl":{"start":{"line":63,"column":8},"end":{"line":63,"column":87}},"loc":{"start":{"line":63,"column":87},"end":{"line":78,"column":null}},"line":63},"2":{"name":"(anonymous_2)","decl":{"start":{"line":83,"column":16},"end":{"line":83,"column":53}},"loc":{"start":{"line":83,"column":53},"end":{"line":86,"column":null}},"line":83},"3":{"name":"(anonymous_3)","decl":{"start":{"line":91,"column":16},"end":{"line":91,"column":53}},"loc":{"start":{"line":91,"column":53},"end":{"line":94,"column":null}},"line":91},"4":{"name":"(anonymous_4)","decl":{"start":{"line":99,"column":8},"end":{"line":99,"column":null}},"loc":{"start":{"line":102,"column":30},"end":{"line":108,"column":null}},"line":102},"5":{"name":"(anonymous_5)","decl":{"start":{"line":113,"column":16},"end":{"line":113,"column":null}},"loc":{"start":{"line":116,"column":30},"end":{"line":136,"column":null}},"line":116},"6":{"name":"(anonymous_6)","decl":{"start":{"line":122,"column":23},"end":{"line":122,"column":24}},"loc":{"start":{"line":122,"column":39},"end":{"line":126,"column":8}},"line":122},"7":{"name":"(anonymous_7)","decl":{"start":{"line":141,"column":16},"end":{"line":141,"column":null}},"loc":{"start":{"line":144,"column":30},"end":{"line":165,"column":null}},"line":144},"8":{"name":"(anonymous_8)","decl":{"start":{"line":151,"column":23},"end":{"line":151,"column":24}},"loc":{"start":{"line":151,"column":39},"end":{"line":155,"column":8}},"line":151},"9":{"name":"(anonymous_9)","decl":{"start":{"line":170,"column":8},"end":{"line":170,"column":null}},"loc":{"start":{"line":173,"column":33},"end":{"line":184,"column":null}},"line":173},"10":{"name":"(anonymous_10)","decl":{"start":{"line":189,"column":16},"end":{"line":189,"column":null}},"loc":{"start":{"line":192,"column":26},"end":{"line":201,"column":null}},"line":192},"11":{"name":"(anonymous_11)","decl":{"start":{"line":206,"column":16},"end":{"line":206,"column":null}},"loc":{"start":{"line":209,"column":26},"end":{"line":219,"column":null}},"line":209},"12":{"name":"(anonymous_12)","decl":{"start":{"line":224,"column":8},"end":{"line":224,"column":null}},"loc":{"start":{"line":231,"column":22},"end":{"line":243,"column":null}},"line":231},"13":{"name":"(anonymous_13)","decl":{"start":{"line":248,"column":16},"end":{"line":248,"column":null}},"loc":{"start":{"line":255,"column":19},"end":{"line":273,"column":null}},"line":255},"14":{"name":"(anonymous_14)","decl":{"start":{"line":278,"column":16},"end":{"line":278,"column":null}},"loc":{"start":{"line":284,"column":19},"end":{"line":305,"column":null}},"line":284},"15":{"name":"(anonymous_15)","decl":{"start":{"line":310,"column":8},"end":{"line":310,"column":null}},"loc":{"start":{"line":314,"column":22},"end":{"line":337,"column":null}},"line":314},"16":{"name":"(anonymous_16)","decl":{"start":{"line":342,"column":16},"end":{"line":342,"column":null}},"loc":{"start":{"line":346,"column":19},"end":{"line":405,"column":null}},"line":346},"17":{"name":"(anonymous_17)","decl":{"start":{"line":410,"column":16},"end":{"line":410,"column":null}},"loc":{"start":{"line":414,"column":19},"end":{"line":425,"column":null}},"line":414},"18":{"name":"(anonymous_18)","decl":{"start":{"line":430,"column":8},"end":{"line":430,"column":null}},"loc":{"start":{"line":436,"column":65},"end":{"line":451,"column":null}},"line":436},"19":{"name":"(anonymous_19)","decl":{"start":{"line":456,"column":16},"end":{"line":456,"column":null}},"loc":{"start":{"line":462,"column":21},"end":{"line":475,"column":null}},"line":462},"20":{"name":"(anonymous_20)","decl":{"start":{"line":480,"column":16},"end":{"line":480,"column":null}},"loc":{"start":{"line":486,"column":21},"end":{"line":500,"column":null}},"line":486},"21":{"name":"(anonymous_21)","decl":{"start":{"line":505,"column":16},"end":{"line":505,"column":22}},"loc":{"start":{"line":505,"column":76},"end":{"line":534,"column":null}},"line":505}},"branchMap":{"0":{"loc":{"start":{"line":48,"column":4},"end":{"line":55,"column":null}},"type":"if","locations":[{"start":{"line":48,"column":4},"end":{"line":55,"column":null}},{"start":{"line":50,"column":11},"end":{"line":55,"column":null}}],"line":48},"1":{"loc":{"start":{"line":51,"column":28},"end":{"line":51,"column":null}},"type":"binary-expr","locations":[{"start":{"line":51,"column":28},"end":{"line":51,"column":49}},{"start":{"line":51,"column":49},"end":{"line":51,"column":null}}],"line":51},"2":{"loc":{"start":{"line":65,"column":6},"end":{"line":71,"column":null}},"type":"if","locations":[{"start":{"line":65,"column":6},"end":{"line":71,"column":null}},{"start":{"line":68,"column":13},"end":{"line":71,"column":null}}],"line":65},"3":{"loc":{"start":{"line":75,"column":15},"end":{"line":75,"column":null}},"type":"cond-expr","locations":[{"start":{"line":75,"column":40},"end":{"line":75,"column":56}},{"start":{"line":75,"column":56},"end":{"line":75,"column":null}}],"line":75},"4":{"loc":{"start":{"line":103,"column":4},"end":{"line":107,"column":null}},"type":"if","locations":[{"start":{"line":103,"column":4},"end":{"line":107,"column":null}},{"start":{"line":105,"column":11},"end":{"line":107,"column":null}}],"line":103},"5":{"loc":{"start":{"line":120,"column":20},"end":{"line":120,"column":null}},"type":"cond-expr","locations":[{"start":{"line":120,"column":46},"end":{"line":120,"column":57}},{"start":{"line":120,"column":57},"end":{"line":120,"column":null}}],"line":120},"6":{"loc":{"start":{"line":125,"column":14},"end":{"line":125,"column":null}},"type":"cond-expr","locations":[{"start":{"line":125,"column":36},"end":{"line":125,"column":44}},{"start":{"line":125,"column":44},"end":{"line":125,"column":null}}],"line":125},"7":{"loc":{"start":{"line":129,"column":6},"end":{"line":132,"column":null}},"type":"if","locations":[{"start":{"line":129,"column":6},"end":{"line":132,"column":null}},{"start":{},"end":{}}],"line":129},"8":{"loc":{"start":{"line":129,"column":10},"end":{"line":129,"column":67}},"type":"binary-expr","locations":[{"start":{"line":129,"column":10},"end":{"line":129,"column":36}},{"start":{"line":129,"column":36},"end":{"line":129,"column":67}}],"line":129},"9":{"loc":{"start":{"line":149,"column":20},"end":{"line":149,"column":null}},"type":"cond-expr","locations":[{"start":{"line":149,"column":46},"end":{"line":149,"column":57}},{"start":{"line":149,"column":57},"end":{"line":149,"column":null}}],"line":149},"10":{"loc":{"start":{"line":154,"column":14},"end":{"line":154,"column":null}},"type":"cond-expr","locations":[{"start":{"line":154,"column":37},"end":{"line":154,"column":45}},{"start":{"line":154,"column":45},"end":{"line":154,"column":null}}],"line":154},"11":{"loc":{"start":{"line":158,"column":6},"end":{"line":161,"column":null}},"type":"if","locations":[{"start":{"line":158,"column":6},"end":{"line":161,"column":null}},{"start":{},"end":{}}],"line":158},"12":{"loc":{"start":{"line":158,"column":10},"end":{"line":158,"column":67}},"type":"binary-expr","locations":[{"start":{"line":158,"column":10},"end":{"line":158,"column":36}},{"start":{"line":158,"column":36},"end":{"line":158,"column":67}}],"line":158},"13":{"loc":{"start":{"line":175,"column":6},"end":{"line":179,"column":null}},"type":"if","locations":[{"start":{"line":175,"column":6},"end":{"line":179,"column":null}},{"start":{"line":177,"column":13},"end":{"line":179,"column":null}}],"line":175},"14":{"loc":{"start":{"line":233,"column":6},"end":{"line":237,"column":null}},"type":"if","locations":[{"start":{"line":233,"column":6},"end":{"line":237,"column":null}},{"start":{"line":235,"column":13},"end":{"line":237,"column":null}}],"line":233},"15":{"loc":{"start":{"line":265,"column":4},"end":{"line":267,"column":null}},"type":"if","locations":[{"start":{"line":265,"column":4},"end":{"line":267,"column":null}},{"start":{},"end":{}}],"line":265},"16":{"loc":{"start":{"line":290,"column":19},"end":{"line":290,"column":null}},"type":"cond-expr","locations":[{"start":{"line":290,"column":34},"end":{"line":290,"column":45}},{"start":{"line":290,"column":45},"end":{"line":290,"column":null}}],"line":290},"17":{"loc":{"start":{"line":302,"column":14},"end":{"line":302,"column":null}},"type":"cond-expr","locations":[{"start":{"line":302,"column":36},"end":{"line":302,"column":45}},{"start":{"line":302,"column":45},"end":{"line":302,"column":null}}],"line":302},"18":{"loc":{"start":{"line":323,"column":6},"end":{"line":327,"column":null}},"type":"if","locations":[{"start":{"line":323,"column":6},"end":{"line":327,"column":null}},{"start":{"line":325,"column":13},"end":{"line":327,"column":null}}],"line":323},"19":{"loc":{"start":{"line":331,"column":6},"end":{"line":334,"column":null}},"type":"if","locations":[{"start":{"line":331,"column":6},"end":{"line":334,"column":null}},{"start":{},"end":{}}],"line":331},"20":{"loc":{"start":{"line":438,"column":6},"end":{"line":444,"column":null}},"type":"if","locations":[{"start":{"line":438,"column":6},"end":{"line":444,"column":null}},{"start":{"line":441,"column":13},"end":{"line":444,"column":null}}],"line":438},"21":{"loc":{"start":{"line":448,"column":15},"end":{"line":448,"column":null}},"type":"cond-expr","locations":[{"start":{"line":448,"column":40},"end":{"line":448,"column":56}},{"start":{"line":448,"column":56},"end":{"line":448,"column":null}}],"line":448},"22":{"loc":{"start":{"line":505,"column":35},"end":{"line":505,"column":76}},"type":"default-arg","locations":[{"start":{"line":505,"column":58},"end":{"line":505,"column":76}}],"line":505},"23":{"loc":{"start":{"line":507,"column":31},"end":{"line":507,"column":54}},"type":"binary-expr","locations":[{"start":{"line":507,"column":31},"end":{"line":507,"column":49}},{"start":{"line":507,"column":49},"end":{"line":507,"column":54}}],"line":507},"24":{"loc":{"start":{"line":512,"column":10},"end":{"line":514,"column":null}},"type":"cond-expr","locations":[{"start":{"line":513,"column":10},"end":{"line":513,"column":null}},{"start":{"line":514,"column":10},"end":{"line":514,"column":null}}],"line":512},"25":{"loc":{"start":{"line":526,"column":4},"end":{"line":530,"column":null}},"type":"if","locations":[{"start":{"line":526,"column":4},"end":{"line":530,"column":null}},{"start":{},"end":{}}],"line":526},"26":{"loc":{"start":{"line":528,"column":55},"end":{"line":528,"column":78}},"type":"binary-expr","locations":[{"start":{"line":528,"column":55},"end":{"line":528,"column":73}},{"start":{"line":528,"column":73},"end":{"line":528,"column":78}}],"line":528},"27":{"loc":{"start":{"line":532,"column":31},"end":{"line":532,"column":54}},"type":"binary-expr","locations":[{"start":{"line":532,"column":31},"end":{"line":532,"column":49}},{"start":{"line":532,"column":49},"end":{"line":532,"column":54}}],"line":532}},"s":{"0":0,"1":0,"2":0,"3":0,"4":0,"5":0,"6":0,"7":0,"8":0,"9":0,"10":0,"11":0,"12":0,"13":0,"14":0,"15":0,"16":0,"17":0,"18":0,"19":0,"20":0,"21":0,"22":0,"23":0,"24":0,"25":0,"26":0,"27":0,"28":0,"29":0,"30":0,"31":0,"32":0,"33":0,"34":0,"35":0,"36":0,"37":0,"38":0,"39":0,"40":0,"41":0,"42":0,"43":0,"44":0,"45":0,"46":0,"47":0,"48":0,"49":0,"50":0,"51":0,"52":0,"53":0,"54":0,"55":0,"56":0,"57":0,"58":0,"59":0,"60":0,"61":0,"62":0,"63":0,"64":0,"65":0,"66":0,"67":0,"68":0,"69":0,"70":0,"71":0,"72":0,"73":0,"74":0,"75":0,"76":0,"77":0,"78":0,"79":0,"80":0,"81":0,"82":0,"83":0,"84":0,"85":0,"86":0,"87":0,"88":0,"89":0,"90":0,"91":0,"92":0,"93":0,"94":0,"95":0,"96":0,"97":0,"98":0,"99":0,"100":0,"101":0,"102":0,"103":0,"104":0,"105":0,"106":0,"107":0,"108":0,"109":0,"110":0,"111":0,"112":0,"113":0,"114":0,"115":0,"116":0,"117":0,"118":0,"119":0,"120":0,"121":0,"122":0,"123":0,"124":0,"125":0,"126":0,"127":0,"128":0,"129":0,"130":0,"131":0,"132":0,"133":0,"134":0,"135":0,"136":0,"137":0,"138":0,"139":0,"140":0,"141":0,"142":0,"143":0,"144":0},"f":{"0":0,"1":0,"2":0,"3":0,"4":0,"5":0,"6":0,"7":0,"8":0,"9":0,"10":0,"11":0,"12":0,"13":0,"14":0,"15":0,"16":0,"17":0,"18":0,"19":0,"20":0,"21":0},"b":{"0":[0,0],"1":[0,0],"2":[0,0],"3":[0,0],"4":[0,0],"5":[0,0],"6":[0,0],"7":[0,0],"8":[0,0],"9":[0,0],"10":[0,0],"11":[0,0],"12":[0,0],"13":[0,0],"14":[0,0],"15":[0,0],"16":[0,0],"17":[0,0],"18":[0,0],"19":[0,0],"20":[0,0],"21":[0,0],"22":[0],"23":[0,0],"24":[0,0],"25":[0,0],"26":[0,0],"27":[0,0]},"meta":{"lastBranch":28,"lastFunction":22,"lastStatement":145,"seen":{"f:43:2:43:14":0,"s:44:4:44:Infinity":0,"s:45:4:45:Infinity":1,"b:48:4:55:Infinity:50:11:55:Infinity":0,"s:48:4:55:Infinity":2,"s:49:6:49:Infinity":3,"s:51:28:51:Infinity":4,"b:51:28:51:49:51:49:51:Infinity":1,"s:53:23:53:Infinity":5,"s:54:6:54:Infinity":6,"s:57:4:57:Infinity":7,"f:63:8:63:87":1,"s:64:4:77:Infinity":8,"b:65:6:71:Infinity:68:13:71:Infinity":2,"s:65:6:71:Infinity":9,"s:66:21:66:Infinity":10,"s:67:8:67:Infinity":11,"s:69:21:69:Infinity":12,"s:70:8:70:Infinity":13,"s:73:6:76:Infinity":14,"b:75:40:75:56:75:56:75:Infinity":3,"f:83:16:83:53":2,"s:84:21:84:Infinity":15,"s:85:4:85:Infinity":16,"f:91:16:91:53":3,"s:92:21:92:Infinity":17,"s:93:4:93:Infinity":18,"f:99:8:99:Infinity":4,"b:103:4:107:Infinity:105:11:107:Infinity":4,"s:103:4:107:Infinity":19,"s:104:6:104:Infinity":20,"s:106:6:106:Infinity":21,"f:113:16:113:Infinity":5,"s:117:4:135:Infinity":22,"s:118:18:118:Infinity":23,"s:119:23:119:Infinity":24,"s:120:20:120:Infinity":25,"b:120:46:120:57:120:57:120:Infinity":5,"s:122:6:126:Infinity":26,"f:122:23:122:24":6,"s:122:39:126:8":27,"b:125:36:125:44:125:44:125:Infinity":6,"b:129:6:132:Infinity:undefined:undefined:undefined:undefined":7,"s:129:6:132:Infinity":28,"b:129:10:129:36:129:36:129:67":8,"s:130:8:130:Infinity":29,"s:131:8:131:Infinity":30,"s:134:6:134:Infinity":31,"f:141:16:141:Infinity":7,"s:145:4:164:Infinity":32,"s:146:26:146:Infinity":33,"s:147:18:147:Infinity":34,"s:148:23:148:Infinity":35,"s:149:20:149:Infinity":36,"b:149:46:149:57:149:57:149:Infinity":9,"s:151:6:155:Infinity":37,"f:151:23:151:24":8,"s:151:39:155:8":38,"b:154:37:154:45:154:45:154:Infinity":10,"b:158:6:161:Infinity:undefined:undefined:undefined:undefined":11,"s:158:6:161:Infinity":39,"b:158:10:158:36:158:36:158:67":12,"s:159:8:159:Infinity":40,"s:160:8:160:Infinity":41,"s:163:6:163:Infinity":42,"f:170:8:170:Infinity":9,"s:174:4:183:Infinity":43,"b:175:6:179:Infinity:177:13:179:Infinity":13,"s:175:6:179:Infinity":44,"s:176:8:176:Infinity":45,"s:178:8:178:Infinity":46,"s:181:6:181:Infinity":47,"s:182:6:182:Infinity":48,"f:189:16:189:Infinity":10,"s:193:16:193:Infinity":49,"s:194:21:194:Infinity":50,"s:196:4:200:Infinity":51,"f:206:16:206:Infinity":11,"s:210:24:210:Infinity":52,"s:211:21:211:Infinity":53,"s:212:16:212:Infinity":54,"s:213:21:213:Infinity":55,"s:215:4:218:Infinity":56,"f:224:8:224:Infinity":12,"s:232:4:242:Infinity":57,"b:233:6:237:Infinity:235:13:237:Infinity":14,"s:233:6:237:Infinity":58,"s:234:8:234:Infinity":59,"s:236:8:236:Infinity":60,"s:238:6:238:Infinity":61,"s:240:6:240:Infinity":62,"s:241:6:241:Infinity":63,"f:248:16:248:Infinity":13,"s:256:16:256:Infinity":64,"s:258:22:263:Infinity":65,"b:265:4:267:Infinity:undefined:undefined:undefined:undefined":15,"s:265:4:267:Infinity":66,"s:266:6:266:Infinity":67,"s:269:4:272:Infinity":68,"f:278:16:278:Infinity":14,"s:285:24:285:Infinity":69,"s:286:21:286:Infinity":70,"s:289:25:289:Infinity":71,"s:290:19:290:Infinity":72,"b:290:34:290:45:290:45:290:Infinity":16,"s:292:16:292:Infinity":73,"s:294:17:299:Infinity":74,"s:301:4:304:Infinity":75,"b:302:36:302:45:302:45:302:Infinity":17,"f:310:8:310:Infinity":15,"s:315:4:336:Infinity":76,"s:316:6:321:Infinity":77,"b:323:6:327:Infinity:325:13:327:Infinity":18,"s:323:6:327:Infinity":78,"s:324:8:324:Infinity":79,"s:326:8:326:Infinity":80,"s:328:6:328:Infinity":81,"s:330:6:330:Infinity":82,"b:331:6:334:Infinity:undefined:undefined:undefined:undefined":19,"s:331:6:334:Infinity":83,"s:332:8:332:Infinity":84,"s:333:8:333:Infinity":85,"s:335:6:335:Infinity":86,"f:342:16:342:Infinity":16,"s:347:4:404:Infinity":87,"s:348:6:348:Infinity":88,"s:349:6:353:Infinity":89,"s:357:32:357:Infinity":90,"s:358:21:358:Infinity":91,"s:359:6:359:Infinity":92,"s:360:6:360:Infinity":93,"s:361:6:361:Infinity":94,"s:364:6:372:Infinity":95,"s:365:8:365:Infinity":96,"s:367:8:367:Infinity":97,"s:368:8:368:Infinity":98,"s:369:8:369:Infinity":99,"s:370:8:370:Infinity":100,"s:371:8:371:Infinity":101,"s:374:18:374:Infinity":102,"s:375:6:375:Infinity":103,"s:378:24:378:Infinity":104,"s:379:6:379:Infinity":105,"s:380:6:380:Infinity":106,"s:381:6:381:Infinity":107,"s:383:6:396:Infinity":108,"s:384:8:390:Infinity":109,"s:392:8:392:Infinity":110,"s:393:8:393:Infinity":111,"s:394:8:394:Infinity":112,"s:395:8:395:Infinity":113,"s:398:6:398:Infinity":114,"s:399:6:399:Infinity":115,"s:401:6:401:Infinity":116,"s:402:6:402:Infinity":117,"s:403:6:403:Infinity":118,"f:410:16:410:Infinity":17,"s:415:24:415:Infinity":119,"s:416:16:416:Infinity":120,"s:418:4:424:Infinity":121,"f:430:8:430:Infinity":18,"s:437:4:450:Infinity":122,"b:438:6:444:Infinity:441:13:444:Infinity":20,"s:438:6:444:Infinity":123,"s:439:20:439:Infinity":124,"s:440:8:440:Infinity":125,"s:442:20:442:Infinity":126,"s:443:8:443:Infinity":127,"s:446:6:449:Infinity":128,"b:448:40:448:56:448:56:448:Infinity":21,"f:456:16:456:Infinity":19,"s:463:16:463:Infinity":129,"s:464:21:472:Infinity":130,"s:474:4:474:Infinity":131,"f:480:16:480:Infinity":20,"s:487:24:487:Infinity":132,"s:488:16:488:Infinity":133,"s:489:21:497:Infinity":134,"s:499:4:499:Infinity":135,"f:505:16:505:22":21,"b:505:58:505:76":22,"s:507:4:507:Infinity":136,"b:507:31:507:49:507:49:507:54":23,"s:509:33:516:Infinity":137,"b:513:10:513:Infinity:514:10:514:Infinity":24,"s:518:21:524:Infinity":138,"b:526:4:530:Infinity:undefined:undefined:undefined:undefined":25,"s:526:4:530:Infinity":139,"s:527:24:527:Infinity":140,"s:528:6:528:Infinity":141,"b:528:55:528:73:528:73:528:78":26,"s:529:6:529:Infinity":142,"s:532:4:532:Infinity":143,"b:532:31:532:49:532:49:532:54":27,"s:533:4:533:Infinity":144}}}
,"C:\\Users\\sunio\\Desktop\\pr-convention-bridge\\src\\background\\message-handler.ts": {"path":"C:\\Users\\sunio\\Desktop\\pr-convention-bridge\\src\\background\\message-handler.ts","statementMap":{"0":{"start":{"line":19,"column":2},"end":{"line":19,"column":null}},"1":{"start":{"line":21,"column":2},"end":{"line":56,"column":null}},"2":{"start":{"line":23,"column":6},"end":{"line":23,"column":null}},"3":{"start":{"line":24,"column":6},"end":{"line":24,"column":null}},"4":{"start":{"line":27,"column":6},"end":{"line":27,"column":null}},"5":{"start":{"line":28,"column":6},"end":{"line":28,"column":null}},"6":{"start":{"line":31,"column":6},"end":{"line":31,"column":null}},"7":{"start":{"line":32,"column":6},"end":{"line":32,"column":null}},"8":{"start":{"line":35,"column":6},"end":{"line":35,"column":null}},"9":{"start":{"line":36,"column":6},"end":{"line":36,"column":null}},"10":{"start":{"line":39,"column":6},"end":{"line":39,"column":null}},"11":{"start":{"line":40,"column":6},"end":{"line":40,"column":null}},"12":{"start":{"line":43,"column":6},"end":{"line":43,"column":null}},"13":{"start":{"line":44,"column":6},"end":{"line":44,"column":null}},"14":{"start":{"line":47,"column":6},"end":{"line":47,"column":null}},"15":{"start":{"line":48,"column":6},"end":{"line":48,"column":null}},"16":{"start":{"line":51,"column":6},"end":{"line":51,"column":null}},"17":{"start":{"line":52,"column":6},"end":{"line":52,"column":null}},"18":{"start":{"line":55,"column":6},"end":{"line":55,"column":null}},"19":{"start":{"line":63,"column":2},"end":{"line":68,"column":null}},"20":{"start":{"line":64,"column":19},"end":{"line":64,"column":null}},"21":{"start":{"line":65,"column":4},"end":{"line":65,"column":null}},"22":{"start":{"line":67,"column":4},"end":{"line":67,"column":null}},"23":{"start":{"line":78,"column":2},"end":{"line":83,"column":null}},"24":{"start":{"line":79,"column":4},"end":{"line":79,"column":null}},"25":{"start":{"line":80,"column":4},"end":{"line":80,"column":null}},"26":{"start":{"line":82,"column":4},"end":{"line":82,"column":null}},"27":{"start":{"line":93,"column":2},"end":{"line":118,"column":null}},"28":{"start":{"line":94,"column":19},"end":{"line":98,"column":null}},"29":{"start":{"line":100,"column":19},"end":{"line":100,"column":null}},"30":{"start":{"line":102,"column":4},"end":{"line":112,"column":null}},"31":{"start":{"line":103,"column":6},"end":{"line":106,"column":null}},"32":{"start":{"line":108,"column":6},"end":{"line":111,"column":null}},"33":{"start":{"line":114,"column":4},"end":{"line":117,"column":null}},"34":{"start":{"line":122,"column":21},"end":{"line":122,"column":null}},"35":{"start":{"line":134,"column":2},"end":{"line":143,"column":null}},"36":{"start":{"line":135,"column":19},"end":{"line":135,"column":null}},"37":{"start":{"line":136,"column":4},"end":{"line":136,"column":null}},"38":{"start":{"line":138,"column":4},"end":{"line":138,"column":null}},"39":{"start":{"line":139,"column":4},"end":{"line":142,"column":null}},"40":{"start":{"line":152,"column":2},"end":{"line":168,"column":null}},"41":{"start":{"line":153,"column":4},"end":{"line":153,"column":null}},"42":{"start":{"line":155,"column":18},"end":{"line":155,"column":null}},"43":{"start":{"line":157,"column":4},"end":{"line":160,"column":null}},"44":{"start":{"line":163,"column":4},"end":{"line":163,"column":null}},"45":{"start":{"line":164,"column":4},"end":{"line":167,"column":null}},"46":{"start":{"line":177,"column":2},"end":{"line":195,"column":null}},"47":{"start":{"line":178,"column":4},"end":{"line":178,"column":null}},"48":{"start":{"line":180,"column":4},"end":{"line":180,"column":null}},"49":{"start":{"line":182,"column":4},"end":{"line":182,"column":null}},"50":{"start":{"line":184,"column":4},"end":{"line":187,"column":null}},"51":{"start":{"line":190,"column":4},"end":{"line":190,"column":null}},"52":{"start":{"line":191,"column":4},"end":{"line":194,"column":null}},"53":{"start":{"line":205,"column":2},"end":{"line":247,"column":null}},"54":{"start":{"line":206,"column":4},"end":{"line":206,"column":null}},"55":{"start":{"line":209,"column":20},"end":{"line":209,"column":null}},"56":{"start":{"line":210,"column":18},"end":{"line":210,"column":null}},"57":{"start":{"line":212,"column":4},"end":{"line":214,"column":null}},"58":{"start":{"line":213,"column":6},"end":{"line":213,"column":null}},"59":{"start":{"line":217,"column":16},"end":{"line":217,"column":null}},"60":{"start":{"line":218,"column":20},"end":{"line":221,"column":null}},"61":{"start":{"line":223,"column":21},"end":{"line":223,"column":null}},"62":{"start":{"line":225,"column":4},"end":{"line":227,"column":null}},"63":{"start":{"line":226,"column":6},"end":{"line":226,"column":null}},"64":{"start":{"line":229,"column":21},"end":{"line":229,"column":null}},"65":{"start":{"line":231,"column":4},"end":{"line":231,"column":null}},"66":{"start":{"line":233,"column":4},"end":{"line":239,"column":null}},"67":{"start":{"line":242,"column":4},"end":{"line":242,"column":null}},"68":{"start":{"line":243,"column":4},"end":{"line":246,"column":null}},"69":{"start":{"line":257,"column":2},"end":{"line":308,"column":null}},"70":{"start":{"line":258,"column":4},"end":{"line":258,"column":null}},"71":{"start":{"line":261,"column":20},"end":{"line":261,"column":null}},"72":{"start":{"line":262,"column":18},"end":{"line":262,"column":null}},"73":{"start":{"line":264,"column":4},"end":{"line":266,"column":null}},"74":{"start":{"line":265,"column":6},"end":{"line":265,"column":null}},"75":{"start":{"line":269,"column":16},"end":{"line":269,"column":null}},"76":{"start":{"line":270,"column":20},"end":{"line":273,"column":null}},"77":{"start":{"line":275,"column":21},"end":{"line":275,"column":null}},"78":{"start":{"line":277,"column":4},"end":{"line":279,"column":null}},"79":{"start":{"line":278,"column":6},"end":{"line":278,"column":null}},"80":{"start":{"line":281,"column":19},"end":{"line":281,"column":null}},"81":{"start":{"line":284,"column":23},"end":{"line":284,"column":null}},"82":{"start":{"line":285,"column":23},"end":{"line":285,"column":null}},"83":{"start":{"line":287,"column":4},"end":{"line":290,"column":null}},"84":{"start":{"line":292,"column":4},"end":{"line":300,"column":null}},"85":{"start":{"line":303,"column":4},"end":{"line":303,"column":null}},"86":{"start":{"line":304,"column":4},"end":{"line":307,"column":null}}},"fnMap":{"0":{"name":"handleMessage","decl":{"start":{"line":15,"column":22},"end":{"line":15,"column":null}},"loc":{"start":{"line":18,"column":17},"end":{"line":57,"column":null}},"line":18},"1":{"name":"handleGetConfig","decl":{"start":{"line":62,"column":15},"end":{"line":62,"column":31}},"loc":{"start":{"line":62,"column":82},"end":{"line":69,"column":null}},"line":62},"2":{"name":"handleSaveConfig","decl":{"start":{"line":74,"column":15},"end":{"line":74,"column":null}},"loc":{"start":{"line":77,"column":2},"end":{"line":84,"column":null}},"line":77},"3":{"name":"handleTestApi","decl":{"start":{"line":89,"column":15},"end":{"line":89,"column":null}},"loc":{"start":{"line":92,"column":2},"end":{"line":119,"column":null}},"line":92},"4":{"name":"handleConvertComment","decl":{"start":{"line":130,"column":15},"end":{"line":130,"column":null}},"loc":{"start":{"line":133,"column":2},"end":{"line":144,"column":null}},"line":133},"5":{"name":"handleGetCacheStats","decl":{"start":{"line":149,"column":15},"end":{"line":149,"column":null}},"loc":{"start":{"line":151,"column":2},"end":{"line":169,"column":null}},"line":151},"6":{"name":"handleClearCache","decl":{"start":{"line":174,"column":15},"end":{"line":174,"column":null}},"loc":{"start":{"line":176,"column":2},"end":{"line":196,"column":null}},"line":176},"7":{"name":"handleGetRepositoryInfo","decl":{"start":{"line":201,"column":15},"end":{"line":201,"column":null}},"loc":{"start":{"line":204,"column":2},"end":{"line":248,"column":null}},"line":204},"8":{"name":"handleGetPRInfo","decl":{"start":{"line":253,"column":15},"end":{"line":253,"column":null}},"loc":{"start":{"line":256,"column":2},"end":{"line":309,"column":null}},"line":256}},"branchMap":{"0":{"loc":{"start":{"line":21,"column":2},"end":{"line":56,"column":null}},"type":"switch","locations":[{"start":{"line":22,"column":4},"end":{"line":24,"column":null}},{"start":{"line":26,"column":4},"end":{"line":28,"column":null}},{"start":{"line":30,"column":4},"end":{"line":32,"column":null}},{"start":{"line":34,"column":4},"end":{"line":36,"column":null}},{"start":{"line":38,"column":4},"end":{"line":40,"column":null}},{"start":{"line":42,"column":4},"end":{"line":44,"column":null}},{"start":{"line":46,"column":4},"end":{"line":48,"column":null}},{"start":{"line":50,"column":4},"end":{"line":52,"column":null}},{"start":{"line":54,"column":4},"end":{"line":55,"column":null}}],"line":21},"1":{"loc":{"start":{"line":102,"column":4},"end":{"line":112,"column":null}},"type":"if","locations":[{"start":{"line":102,"column":4},"end":{"line":112,"column":null}},{"start":{"line":107,"column":11},"end":{"line":112,"column":null}}],"line":102},"2":{"loc":{"start":{"line":110,"column":15},"end":{"line":110,"column":null}},"type":"binary-expr","locations":[{"start":{"line":110,"column":15},"end":{"line":110,"column":31}},{"start":{"line":110,"column":31},"end":{"line":110,"column":null}}],"line":110},"3":{"loc":{"start":{"line":116,"column":13},"end":{"line":116,"column":null}},"type":"cond-expr","locations":[{"start":{"line":116,"column":38},"end":{"line":116,"column":54}},{"start":{"line":116,"column":54},"end":{"line":116,"column":null}}],"line":116},"4":{"loc":{"start":{"line":141,"column":13},"end":{"line":141,"column":null}},"type":"cond-expr","locations":[{"start":{"line":141,"column":38},"end":{"line":141,"column":54}},{"start":{"line":141,"column":54},"end":{"line":141,"column":null}}],"line":141},"5":{"loc":{"start":{"line":166,"column":13},"end":{"line":166,"column":null}},"type":"cond-expr","locations":[{"start":{"line":166,"column":38},"end":{"line":166,"column":54}},{"start":{"line":166,"column":54},"end":{"line":166,"column":null}}],"line":166},"6":{"loc":{"start":{"line":193,"column":13},"end":{"line":193,"column":null}},"type":"cond-expr","locations":[{"start":{"line":193,"column":38},"end":{"line":193,"column":54}},{"start":{"line":193,"column":54},"end":{"line":193,"column":null}}],"line":193},"7":{"loc":{"start":{"line":212,"column":4},"end":{"line":214,"column":null}},"type":"if","locations":[{"start":{"line":212,"column":4},"end":{"line":214,"column":null}},{"start":{},"end":{}}],"line":212},"8":{"loc":{"start":{"line":225,"column":4},"end":{"line":227,"column":null}},"type":"if","locations":[{"start":{"line":225,"column":4},"end":{"line":227,"column":null}},{"start":{},"end":{}}],"line":225},"9":{"loc":{"start":{"line":245,"column":13},"end":{"line":245,"column":null}},"type":"cond-expr","locations":[{"start":{"line":245,"column":38},"end":{"line":245,"column":54}},{"start":{"line":245,"column":54},"end":{"line":245,"column":null}}],"line":245},"10":{"loc":{"start":{"line":264,"column":4},"end":{"line":266,"column":null}},"type":"if","locations":[{"start":{"line":264,"column":4},"end":{"line":266,"column":null}},{"start":{},"end":{}}],"line":264},"11":{"loc":{"start":{"line":277,"column":4},"end":{"line":279,"column":null}},"type":"if","locations":[{"start":{"line":277,"column":4},"end":{"line":279,"column":null}},{"start":{},"end":{}}],"line":277},"12":{"loc":{"start":{"line":306,"column":13},"end":{"line":306,"column":null}},"type":"cond-expr","locations":[{"start":{"line":306,"column":38},"end":{"line":306,"column":54}},{"start":{"line":306,"column":54},"end":{"line":306,"column":null}}],"line":306}},"s":{"0":0,"1":0,"2":0,"3":0,"4":0,"5":0,"6":0,"7":0,"8":0,"9":0,"10":0,"11":0,"12":0,"13":0,"14":0,"15":0,"16":0,"17":0,"18":0,"19":0,"20":0,"21":0,"22":0,"23":0,"24":0,"25":0,"26":0,"27":0,"28":0,"29":0,"30":0,"31":0,"32":0,"33":0,"34":0,"35":0,"36":0,"37":0,"38":0,"39":0,"40":0,"41":0,"42":0,"43":0,"44":0,"45":0,"46":0,"47":0,"48":0,"49":0,"50":0,"51":0,"52":0,"53":0,"54":0,"55":0,"56":0,"57":0,"58":0,"59":0,"60":0,"61":0,"62":0,"63":0,"64":0,"65":0,"66":0,"67":0,"68":0,"69":0,"70":0,"71":0,"72":0,"73":0,"74":0,"75":0,"76":0,"77":0,"78":0,"79":0,"80":0,"81":0,"82":0,"83":0,"84":0,"85":0,"86":0},"f":{"0":0,"1":0,"2":0,"3":0,"4":0,"5":0,"6":0,"7":0,"8":0},"b":{"0":[0,0,0,0,0,0,0,0,0],"1":[0,0],"2":[0,0],"3":[0,0],"4":[0,0],"5":[0,0],"6":[0,0],"7":[0,0],"8":[0,0],"9":[0,0],"10":[0,0],"11":[0,0],"12":[0,0]},"meta":{"lastBranch":13,"lastFunction":9,"lastStatement":87,"seen":{"f:15:22:15:Infinity":0,"s:19:2:19:Infinity":0,"b:22:4:24:Infinity:26:4:28:Infinity:30:4:32:Infinity:34:4:36:Infinity:38:4:40:Infinity:42:4:44:Infinity:46:4:48:Infinity:50:4:52:Infinity:54:4:55:Infinity":0,"s:21:2:56:Infinity":1,"s:23:6:23:Infinity":2,"s:24:6:24:Infinity":3,"s:27:6:27:Infinity":4,"s:28:6:28:Infinity":5,"s:31:6:31:Infinity":6,"s:32:6:32:Infinity":7,"s:35:6:35:Infinity":8,"s:36:6:36:Infinity":9,"s:39:6:39:Infinity":10,"s:40:6:40:Infinity":11,"s:43:6:43:Infinity":12,"s:44:6:44:Infinity":13,"s:47:6:47:Infinity":14,"s:48:6:48:Infinity":15,"s:51:6:51:Infinity":16,"s:52:6:52:Infinity":17,"s:55:6:55:Infinity":18,"f:62:15:62:31":1,"s:63:2:68:Infinity":19,"s:64:19:64:Infinity":20,"s:65:4:65:Infinity":21,"s:67:4:67:Infinity":22,"f:74:15:74:Infinity":2,"s:78:2:83:Infinity":23,"s:79:4:79:Infinity":24,"s:80:4:80:Infinity":25,"s:82:4:82:Infinity":26,"f:89:15:89:Infinity":3,"s:93:2:118:Infinity":27,"s:94:19:98:Infinity":28,"s:100:19:100:Infinity":29,"b:102:4:112:Infinity:107:11:112:Infinity":1,"s:102:4:112:Infinity":30,"s:103:6:106:Infinity":31,"s:108:6:111:Infinity":32,"b:110:15:110:31:110:31:110:Infinity":2,"s:114:4:117:Infinity":33,"b:116:38:116:54:116:54:116:Infinity":3,"s:122:21:122:Infinity":34,"f:130:15:130:Infinity":4,"s:134:2:143:Infinity":35,"s:135:19:135:Infinity":36,"s:136:4:136:Infinity":37,"s:138:4:138:Infinity":38,"s:139:4:142:Infinity":39,"b:141:38:141:54:141:54:141:Infinity":4,"f:149:15:149:Infinity":5,"s:152:2:168:Infinity":40,"s:153:4:153:Infinity":41,"s:155:18:155:Infinity":42,"s:157:4:160:Infinity":43,"s:163:4:163:Infinity":44,"s:164:4:167:Infinity":45,"b:166:38:166:54:166:54:166:Infinity":5,"f:174:15:174:Infinity":6,"s:177:2:195:Infinity":46,"s:178:4:178:Infinity":47,"s:180:4:180:Infinity":48,"s:182:4:182:Infinity":49,"s:184:4:187:Infinity":50,"s:190:4:190:Infinity":51,"s:191:4:194:Infinity":52,"b:193:38:193:54:193:54:193:Infinity":6,"f:201:15:201:Infinity":7,"s:205:2:247:Infinity":53,"s:206:4:206:Infinity":54,"s:209:20:209:Infinity":55,"s:210:18:210:Infinity":56,"b:212:4:214:Infinity:undefined:undefined:undefined:undefined":7,"s:212:4:214:Infinity":57,"s:213:6:213:Infinity":58,"s:217:16:217:Infinity":59,"s:218:20:221:Infinity":60,"s:223:21:223:Infinity":61,"b:225:4:227:Infinity:undefined:undefined:undefined:undefined":8,"s:225:4:227:Infinity":62,"s:226:6:226:Infinity":63,"s:229:21:229:Infinity":64,"s:231:4:231:Infinity":65,"s:233:4:239:Infinity":66,"s:242:4:242:Infinity":67,"s:243:4:246:Infinity":68,"b:245:38:245:54:245:54:245:Infinity":9,"f:253:15:253:Infinity":8,"s:257:2:308:Infinity":69,"s:258:4:258:Infinity":70,"s:261:20:261:Infinity":71,"s:262:18:262:Infinity":72,"b:264:4:266:Infinity:undefined:undefined:undefined:undefined":10,"s:264:4:266:Infinity":73,"s:265:6:265:Infinity":74,"s:269:16:269:Infinity":75,"s:270:20:273:Infinity":76,"s:275:21:275:Infinity":77,"b:277:4:279:Infinity:undefined:undefined:undefined:undefined":11,"s:277:4:279:Infinity":78,"s:278:6:278:Infinity":79,"s:281:19:281:Infinity":80,"s:284:23:284:Infinity":81,"s:285:23:285:Infinity":82,"s:287:4:290:Infinity":83,"s:292:4:300:Infinity":84,"s:303:4:303:Infinity":85,"s:304:4:307:Infinity":86,"b:306:38:306:54:306:54:306:Infinity":12}}}
,"C:\\Users\\sunio\\Desktop\\pr-convention-bridge\\src\\background\\service-worker.ts": {"path":"C:\\Users\\sunio\\Desktop\\pr-convention-bridge\\src\\background\\service-worker.ts","statementMap":{"0":{"start":{"line":9,"column":0},"end":{"line":16,"column":null}},"1":{"start":{"line":10,"column":2},"end":{"line":10,"column":null}},"2":{"start":{"line":13,"column":2},"end":{"line":15,"column":null}},"3":{"start":{"line":19,"column":0},"end":{"line":39,"column":null}},"4":{"start":{"line":22,"column":4},"end":{"line":29,"column":null}},"5":{"start":{"line":23,"column":6},"end":{"line":23,"column":null}},"6":{"start":{"line":24,"column":6},"end":{"line":27,"column":null}},"7":{"start":{"line":28,"column":6},"end":{"line":28,"column":null}},"8":{"start":{"line":31,"column":4},"end":{"line":31,"column":null}},"9":{"start":{"line":34,"column":4},"end":{"line":34,"column":null}},"10":{"start":{"line":37,"column":4},"end":{"line":37,"column":null}}},"fnMap":{"0":{"name":"(anonymous_0)","decl":{"start":{"line":9,"column":39},"end":{"line":9,"column":45}},"loc":{"start":{"line":9,"column":45},"end":{"line":16,"column":1}},"line":9},"1":{"name":"(anonymous_1)","decl":{"start":{"line":20,"column":2},"end":{"line":20,"column":3}},"loc":{"start":{"line":20,"column":84},"end":{"line":38,"column":null}},"line":20}},"branchMap":{"0":{"loc":{"start":{"line":22,"column":4},"end":{"line":29,"column":null}},"type":"if","locations":[{"start":{"line":22,"column":4},"end":{"line":29,"column":null}},{"start":{},"end":{}}],"line":22}},"s":{"0":0,"1":0,"2":0,"3":0,"4":0,"5":0,"6":0,"7":0,"8":0,"9":0,"10":0},"f":{"0":0,"1":0},"b":{"0":[0,0]},"meta":{"lastBranch":1,"lastFunction":2,"lastStatement":11,"seen":{"s:9:0:16:Infinity":0,"f:9:39:9:45":0,"s:10:2:10:Infinity":1,"s:13:2:15:Infinity":2,"s:19:0:39:Infinity":3,"f:20:2:20:3":1,"b:22:4:29:Infinity:undefined:undefined:undefined:undefined":0,"s:22:4:29:Infinity":4,"s:23:6:23:Infinity":5,"s:24:6:27:Infinity":6,"s:28:6:28:Infinity":7,"s:31:4:31:Infinity":8,"s:34:4:34:Infinity":9,"s:37:4:37:Infinity":10}}}
,"C:\\Users\\sunio\\Desktop\\pr-convention-bridge\\src\\background\\llm\\base-client.ts": {"path":"C:\\Users\\sunio\\Desktop\\pr-convention-bridge\\src\\background\\llm\\base-client.ts","statementMap":{"0":{"start":{"line":12,"column":30},"end":{"line":12,"column":null}},"1":{"start":{"line":15,"column":4},"end":{"line":15,"column":null}},"2":{"start":{"line":33,"column":4},"end":{"line":66,"column":null}},"3":{"start":{"line":35,"column":23},"end":{"line":35,"column":null}},"4":{"start":{"line":38,"column":25},"end":{"line":38,"column":null}},"5":{"start":{"line":40,"column":6},"end":{"line":47,"column":null}},"6":{"start":{"line":42,"column":8},"end":{"line":42,"column":null}},"7":{"start":{"line":43,"column":8},"end":{"line":46,"column":null}},"8":{"start":{"line":50,"column":6},"end":{"line":50,"column":null}},"9":{"start":{"line":51,"column":23},"end":{"line":51,"column":null}},"10":{"start":{"line":54,"column":6},"end":{"line":57,"column":null}},"11":{"start":{"line":55,"column":8},"end":{"line":55,"column":null}},"12":{"start":{"line":56,"column":8},"end":{"line":56,"column":null}},"13":{"start":{"line":60,"column":6},"end":{"line":60,"column":null}},"14":{"start":{"line":63,"column":6},"end":{"line":63,"column":null}},"15":{"start":{"line":65,"column":6},"end":{"line":65,"column":null}},"16":{"start":{"line":83,"column":4},"end":{"line":88,"column":null}},"17":{"start":{"line":86,"column":8},"end":{"line":86,"column":null}},"18":{"start":{"line":86,"column":25},"end":{"line":86,"column":63}},"19":{"start":{"line":100,"column":4},"end":{"line":115,"column":null}},"20":{"start":{"line":100,"column":23},"end":{"line":100,"column":26}},"21":{"start":{"line":101,"column":6},"end":{"line":114,"column":null}},"22":{"start":{"line":102,"column":8},"end":{"line":102,"column":null}},"23":{"start":{"line":104,"column":8},"end":{"line":104,"column":null}},"24":{"start":{"line":105,"column":8},"end":{"line":105,"column":null}},"25":{"start":{"line":108,"column":8},"end":{"line":110,"column":null}},"26":{"start":{"line":109,"column":10},"end":{"line":109,"column":null}},"27":{"start":{"line":113,"column":8},"end":{"line":113,"column":null}},"28":{"start":{"line":117,"column":4},"end":{"line":117,"column":null}},"29":{"start":{"line":121,"column":4},"end":{"line":121,"column":null}},"30":{"start":{"line":121,"column":34},"end":{"line":121,"column":57}},"31":{"start":{"line":129,"column":20},"end":{"line":132,"column":null}},"32":{"start":{"line":134,"column":4},"end":{"line":139,"column":null}},"33":{"start":{"line":135,"column":6},"end":{"line":135,"column":null}},"34":{"start":{"line":137,"column":6},"end":{"line":137,"column":null}},"35":{"start":{"line":138,"column":6},"end":{"line":138,"column":null}}},"fnMap":{"0":{"name":"(anonymous_0)","decl":{"start":{"line":14,"column":2},"end":{"line":14,"column":14}},"loc":{"start":{"line":14,"column":30},"end":{"line":16,"column":null}},"line":14},"1":{"name":"(anonymous_1)","decl":{"start":{"line":29,"column":18},"end":{"line":29,"column":null}},"loc":{"start":{"line":32,"column":26},"end":{"line":67,"column":null}},"line":32},"2":{"name":"(anonymous_2)","decl":{"start":{"line":82,"column":18},"end":{"line":82,"column":33}},"loc":{"start":{"line":82,"column":93},"end":{"line":89,"column":null}},"line":82},"3":{"name":"(anonymous_3)","decl":{"start":{"line":85,"column":21},"end":{"line":85,"column":22}},"loc":{"start":{"line":86,"column":8},"end":{"line":86,"column":null}},"line":86},"4":{"name":"(anonymous_4)","decl":{"start":{"line":86,"column":19},"end":{"line":86,"column":25}},"loc":{"start":{"line":86,"column":25},"end":{"line":86,"column":63}},"line":86},"5":{"name":"(anonymous_5)","decl":{"start":{"line":94,"column":18},"end":{"line":94,"column":null}},"loc":{"start":{"line":97,"column":16},"end":{"line":118,"column":null}},"line":97},"6":{"name":"(anonymous_6)","decl":{"start":{"line":120,"column":10},"end":{"line":120,"column":16}},"loc":{"start":{"line":120,"column":43},"end":{"line":122,"column":null}},"line":120},"7":{"name":"(anonymous_7)","decl":{"start":{"line":121,"column":23},"end":{"line":121,"column":34}},"loc":{"start":{"line":121,"column":34},"end":{"line":121,"column":57}},"line":121},"8":{"name":"(anonymous_8)","decl":{"start":{"line":127,"column":12},"end":{"line":127,"column":22}},"loc":{"start":{"line":127,"column":41},"end":{"line":140,"column":null}},"line":127}},"branchMap":{"0":{"loc":{"start":{"line":40,"column":6},"end":{"line":47,"column":null}},"type":"if","locations":[{"start":{"line":40,"column":6},"end":{"line":47,"column":null}},{"start":{},"end":{}}],"line":40},"1":{"loc":{"start":{"line":54,"column":6},"end":{"line":57,"column":null}},"type":"if","locations":[{"start":{"line":54,"column":6},"end":{"line":57,"column":null}},{"start":{},"end":{}}],"line":54},"2":{"loc":{"start":{"line":54,"column":10},"end":{"line":54,"column":45}},"type":"binary-expr","locations":[{"start":{"line":54,"column":10},"end":{"line":54,"column":30}},{"start":{"line":54,"column":30},"end":{"line":54,"column":45}}],"line":54},"3":{"loc":{"start":{"line":82,"column":54},"end":{"line":82,"column":93}},"type":"default-arg","locations":[{"start":{"line":82,"column":67},"end":{"line":82,"column":93}}],"line":82},"4":{"loc":{"start":{"line":96,"column":4},"end":{"line":96,"column":null}},"type":"default-arg","locations":[{"start":{"line":96,"column":25},"end":{"line":96,"column":null}}],"line":96},"5":{"loc":{"start":{"line":108,"column":8},"end":{"line":110,"column":null}},"type":"if","locations":[{"start":{"line":108,"column":8},"end":{"line":110,"column":null}},{"start":{},"end":{}}],"line":108}},"s":{"0":0,"1":0,"2":0,"3":0,"4":0,"5":0,"6":0,"7":0,"8":0,"9":0,"10":0,"11":0,"12":0,"13":0,"14":0,"15":0,"16":0,"17":0,"18":0,"19":0,"20":0,"21":0,"22":0,"23":0,"24":0,"25":0,"26":0,"27":0,"28":0,"29":0,"30":0,"31":0,"32":0,"33":0,"34":0,"35":0},"f":{"0":0,"1":0,"2":0,"3":0,"4":0,"5":0,"6":0,"7":0,"8":0},"b":{"0":[0,0],"1":[0,0],"2":[0,0],"3":[0],"4":[0],"5":[0,0]},"meta":{"lastBranch":6,"lastFunction":9,"lastStatement":36,"seen":{"s:12:30:12:Infinity":0,"f:14:2:14:14":0,"s:15:4:15:Infinity":1,"f:29:18:29:Infinity":1,"s:33:4:66:Infinity":2,"s:35:23:35:Infinity":3,"s:38:25:38:Infinity":4,"b:40:6:47:Infinity:undefined:undefined:undefined:undefined":0,"s:40:6:47:Infinity":5,"s:42:8:42:Infinity":6,"s:43:8:46:Infinity":7,"s:50:6:50:Infinity":8,"s:51:23:51:Infinity":9,"b:54:6:57:Infinity:undefined:undefined:undefined:undefined":1,"s:54:6:57:Infinity":10,"b:54:10:54:30:54:30:54:45":2,"s:55:8:55:Infinity":11,"s:56:8:56:Infinity":12,"s:60:6:60:Infinity":13,"s:63:6:63:Infinity":14,"s:65:6:65:Infinity":15,"f:82:18:82:33":2,"b:82:67:82:93":3,"s:83:4:88:Infinity":16,"f:85:21:85:22":3,"s:86:8:86:Infinity":17,"f:86:19:86:25":4,"s:86:25:86:63":18,"f:94:18:94:Infinity":5,"b:96:25:96:Infinity":4,"s:100:4:115:Infinity":19,"s:100:23:100:26":20,"s:101:6:114:Infinity":21,"s:102:8:102:Infinity":22,"s:104:8:104:Infinity":23,"s:105:8:105:Infinity":24,"b:108:8:110:Infinity:undefined:undefined:undefined:undefined":5,"s:108:8:110:Infinity":25,"s:109:10:109:Infinity":26,"s:113:8:113:Infinity":27,"s:117:4:117:Infinity":28,"f:120:10:120:16":6,"s:121:4:121:Infinity":29,"f:121:23:121:34":7,"s:121:34:121:57":30,"f:127:12:127:22":8,"s:129:20:132:Infinity":31,"s:134:4:139:Infinity":32,"s:135:6:135:Infinity":33,"s:137:6:137:Infinity":34,"s:138:6:138:Infinity":35}}}
,"C:\\Users\\sunio\\Desktop\\pr-convention-bridge\\src\\background\\llm\\cache.ts": {"path":"C:\\Users\\sunio\\Desktop\\pr-convention-bridge\\src\\background\\llm\\cache.ts","statementMap":{"0":{"start":{"line":10,"column":22},"end":{"line":10,"column":null}},"1":{"start":{"line":13,"column":18},"end":{"line":13,"column":null}},"2":{"start":{"line":14,"column":26},"end":{"line":14,"column":null}},"3":{"start":{"line":15,"column":20},"end":{"line":15,"column":null}},"4":{"start":{"line":49,"column":21},"end":{"line":49,"column":null}},"5":{"start":{"line":50,"column":22},"end":{"line":50,"column":null}},"6":{"start":{"line":61,"column":17},"end":{"line":61,"column":null}},"7":{"start":{"line":64,"column":20},"end":{"line":64,"column":null}},"8":{"start":{"line":65,"column":23},"end":{"line":65,"column":null}},"9":{"start":{"line":66,"column":23},"end":{"line":66,"column":null}},"10":{"start":{"line":69,"column":22},"end":{"line":69,"column":null}},"11":{"start":{"line":70,"column":20},"end":{"line":70,"column":null}},"12":{"start":{"line":70,"column":39},"end":{"line":70,"column":70}},"13":{"start":{"line":72,"column":4},"end":{"line":72,"column":null}},"14":{"start":{"line":79,"column":4},"end":{"line":130,"column":null}},"15":{"start":{"line":80,"column":22},"end":{"line":80,"column":null}},"16":{"start":{"line":81,"column":21},"end":{"line":81,"column":null}},"17":{"start":{"line":83,"column":20},"end":{"line":83,"column":null}},"18":{"start":{"line":85,"column":6},"end":{"line":89,"column":null}},"19":{"start":{"line":86,"column":8},"end":{"line":86,"column":null}},"20":{"start":{"line":87,"column":8},"end":{"line":87,"column":null}},"21":{"start":{"line":88,"column":8},"end":{"line":88,"column":null}},"22":{"start":{"line":92,"column":6},"end":{"line":97,"column":null}},"23":{"start":{"line":93,"column":8},"end":{"line":93,"column":null}},"24":{"start":{"line":94,"column":8},"end":{"line":94,"column":null}},"25":{"start":{"line":95,"column":8},"end":{"line":95,"column":null}},"26":{"start":{"line":96,"column":8},"end":{"line":96,"column":null}},"27":{"start":{"line":100,"column":18},"end":{"line":100,"column":null}},"28":{"start":{"line":101,"column":18},"end":{"line":101,"column":null}},"29":{"start":{"line":103,"column":6},"end":{"line":108,"column":null}},"30":{"start":{"line":104,"column":8},"end":{"line":104,"column":null}},"31":{"start":{"line":105,"column":8},"end":{"line":105,"column":null}},"32":{"start":{"line":106,"column":8},"end":{"line":106,"column":null}},"33":{"start":{"line":107,"column":8},"end":{"line":107,"column":null}},"34":{"start":{"line":111,"column":6},"end":{"line":111,"column":null}},"35":{"start":{"line":112,"column":6},"end":{"line":112,"column":null}},"36":{"start":{"line":113,"column":6},"end":{"line":113,"column":null}},"37":{"start":{"line":115,"column":6},"end":{"line":115,"column":null}},"38":{"start":{"line":117,"column":6},"end":{"line":121,"column":null}},"39":{"start":{"line":123,"column":6},"end":{"line":123,"column":null}},"40":{"start":{"line":124,"column":6},"end":{"line":124,"column":null}},"41":{"start":{"line":127,"column":6},"end":{"line":127,"column":null}},"42":{"start":{"line":128,"column":6},"end":{"line":128,"column":null}},"43":{"start":{"line":129,"column":6},"end":{"line":129,"column":null}},"44":{"start":{"line":141,"column":4},"end":{"line":178,"column":null}},"45":{"start":{"line":142,"column":22},"end":{"line":142,"column":null}},"46":{"start":{"line":143,"column":21},"end":{"line":143,"column":null}},"47":{"start":{"line":146,"column":26},"end":{"line":146,"column":null}},"48":{"start":{"line":147,"column":6},"end":{"line":150,"column":null}},"49":{"start":{"line":148,"column":8},"end":{"line":148,"column":null}},"50":{"start":{"line":149,"column":8},"end":{"line":149,"column":null}},"51":{"start":{"line":153,"column":32},"end":{"line":164,"column":null}},"52":{"start":{"line":166,"column":6},"end":{"line":166,"column":null}},"53":{"start":{"line":168,"column":6},"end":{"line":168,"column":null}},"54":{"start":{"line":170,"column":6},"end":{"line":173,"column":null}},"55":{"start":{"line":176,"column":6},"end":{"line":176,"column":null}},"56":{"start":{"line":185,"column":4},"end":{"line":197,"column":null}},"57":{"start":{"line":186,"column":22},"end":{"line":186,"column":null}},"58":{"start":{"line":187,"column":21},"end":{"line":187,"column":null}},"59":{"start":{"line":189,"column":6},"end":{"line":189,"column":null}},"60":{"start":{"line":191,"column":6},"end":{"line":191,"column":null}},"61":{"start":{"line":193,"column":6},"end":{"line":193,"column":null}},"62":{"start":{"line":196,"column":6},"end":{"line":196,"column":null}},"63":{"start":{"line":204,"column":4},"end":{"line":214,"column":null}},"64":{"start":{"line":205,"column":6},"end":{"line":205,"column":null}},"65":{"start":{"line":206,"column":6},"end":{"line":206,"column":null}},"66":{"start":{"line":207,"column":6},"end":{"line":207,"column":null}},"67":{"start":{"line":209,"column":6},"end":{"line":209,"column":null}},"68":{"start":{"line":212,"column":6},"end":{"line":212,"column":null}},"69":{"start":{"line":213,"column":6},"end":{"line":213,"column":null}},"70":{"start":{"line":221,"column":4},"end":{"line":258,"column":null}},"71":{"start":{"line":222,"column":22},"end":{"line":222,"column":null}},"72":{"start":{"line":223,"column":21},"end":{"line":223,"column":null}},"73":{"start":{"line":225,"column":22},"end":{"line":225,"column":null}},"74":{"start":{"line":226,"column":27},"end":{"line":226,"column":null}},"75":{"start":{"line":229,"column":24},"end":{"line":229,"column":null}},"76":{"start":{"line":235,"column":6},"end":{"line":239,"column":null}},"77":{"start":{"line":236,"column":27},"end":{"line":236,"column":null}},"78":{"start":{"line":236,"column":44},"end":{"line":236,"column":64}},"79":{"start":{"line":237,"column":8},"end":{"line":237,"column":null}},"80":{"start":{"line":238,"column":8},"end":{"line":238,"column":null}},"81":{"start":{"line":241,"column":6},"end":{"line":248,"column":null}},"82":{"start":{"line":251,"column":6},"end":{"line":251,"column":null}},"83":{"start":{"line":252,"column":6},"end":{"line":257,"column":null}},"84":{"start":{"line":265,"column":20},"end":{"line":265,"column":null}},"85":{"start":{"line":268,"column":4},"end":{"line":268,"column":null}},"86":{"start":{"line":268,"column":27},"end":{"line":268,"column":82}},"87":{"start":{"line":271,"column":23},"end":{"line":271,"column":null}},"88":{"start":{"line":272,"column":20},"end":{"line":272,"column":null}},"89":{"start":{"line":274,"column":4},"end":{"line":274,"column":null}},"90":{"start":{"line":276,"column":4},"end":{"line":278,"column":null}},"91":{"start":{"line":277,"column":6},"end":{"line":277,"column":null}},"92":{"start":{"line":283,"column":24},"end":{"line":283,"column":null}}},"fnMap":{"0":{"name":"(anonymous_0)","decl":{"start":{"line":55,"column":8},"end":{"line":55,"column":null}},"loc":{"start":{"line":59,"column":21},"end":{"line":73,"column":null}},"line":59},"1":{"name":"(anonymous_1)","decl":{"start":{"line":70,"column":34},"end":{"line":70,"column":39}},"loc":{"start":{"line":70,"column":39},"end":{"line":70,"column":70}},"line":70},"2":{"name":"(anonymous_2)","decl":{"start":{"line":78,"column":8},"end":{"line":78,"column":12}},"loc":{"start":{"line":78,"column":60},"end":{"line":131,"column":null}},"line":78},"3":{"name":"(anonymous_3)","decl":{"start":{"line":136,"column":8},"end":{"line":136,"column":null}},"loc":{"start":{"line":140,"column":19},"end":{"line":179,"column":null}},"line":140},"4":{"name":"(anonymous_4)","decl":{"start":{"line":184,"column":8},"end":{"line":184,"column":15}},"loc":{"start":{"line":184,"column":43},"end":{"line":198,"column":null}},"line":184},"5":{"name":"(anonymous_5)","decl":{"start":{"line":203,"column":8},"end":{"line":203,"column":31}},"loc":{"start":{"line":203,"column":31},"end":{"line":215,"column":null}},"line":203},"6":{"name":"(anonymous_6)","decl":{"start":{"line":220,"column":8},"end":{"line":220,"column":40}},"loc":{"start":{"line":220,"column":40},"end":{"line":259,"column":null}},"line":220},"7":{"name":"(anonymous_7)","decl":{"start":{"line":236,"column":39},"end":{"line":236,"column":44}},"loc":{"start":{"line":236,"column":44},"end":{"line":236,"column":64}},"line":236},"8":{"name":"(anonymous_8)","decl":{"start":{"line":264,"column":16},"end":{"line":264,"column":35}},"loc":{"start":{"line":264,"column":85},"end":{"line":279,"column":null}},"line":264},"9":{"name":"(anonymous_9)","decl":{"start":{"line":268,"column":17},"end":{"line":268,"column":18}},"loc":{"start":{"line":268,"column":27},"end":{"line":268,"column":82}},"line":268}},"branchMap":{"0":{"loc":{"start":{"line":81,"column":21},"end":{"line":81,"column":null}},"type":"binary-expr","locations":[{"start":{"line":81,"column":21},"end":{"line":81,"column":45}},{"start":{"line":81,"column":45},"end":{"line":81,"column":null}}],"line":81},"1":{"loc":{"start":{"line":85,"column":6},"end":{"line":89,"column":null}},"type":"if","locations":[{"start":{"line":85,"column":6},"end":{"line":89,"column":null}},{"start":{},"end":{}}],"line":85},"2":{"loc":{"start":{"line":92,"column":6},"end":{"line":97,"column":null}},"type":"if","locations":[{"start":{"line":92,"column":6},"end":{"line":97,"column":null}},{"start":{},"end":{}}],"line":92},"3":{"loc":{"start":{"line":103,"column":6},"end":{"line":108,"column":null}},"type":"if","locations":[{"start":{"line":103,"column":6},"end":{"line":108,"column":null}},{"start":{},"end":{}}],"line":103},"4":{"loc":{"start":{"line":143,"column":21},"end":{"line":143,"column":null}},"type":"binary-expr","locations":[{"start":{"line":143,"column":21},"end":{"line":143,"column":45}},{"start":{"line":143,"column":45},"end":{"line":143,"column":null}}],"line":143},"5":{"loc":{"start":{"line":147,"column":6},"end":{"line":150,"column":null}},"type":"if","locations":[{"start":{"line":147,"column":6},"end":{"line":150,"column":null}},{"start":{},"end":{}}],"line":147},"6":{"loc":{"start":{"line":187,"column":21},"end":{"line":187,"column":null}},"type":"binary-expr","locations":[{"start":{"line":187,"column":21},"end":{"line":187,"column":45}},{"start":{"line":187,"column":45},"end":{"line":187,"column":null}}],"line":187},"7":{"loc":{"start":{"line":223,"column":21},"end":{"line":223,"column":null}},"type":"binary-expr","locations":[{"start":{"line":223,"column":21},"end":{"line":223,"column":45}},{"start":{"line":223,"column":45},"end":{"line":223,"column":null}}],"line":223},"8":{"loc":{"start":{"line":235,"column":6},"end":{"line":239,"column":null}},"type":"if","locations":[{"start":{"line":235,"column":6},"end":{"line":239,"column":null}},{"start":{},"end":{}}],"line":235}},"s":{"0":0,"1":0,"2":0,"3":0,"4":0,"5":0,"6":0,"7":0,"8":0,"9":0,"10":0,"11":0,"12":0,"13":0,"14":0,"15":0,"16":0,"17":0,"18":0,"19":0,"20":0,"21":0,"22":0,"23":0,"24":0,"25":0,"26":0,"27":0,"28":0,"29":0,"30":0,"31":0,"32":0,"33":0,"34":0,"35":0,"36":0,"37":0,"38":0,"39":0,"40":0,"41":0,"42":0,"43":0,"44":0,"45":0,"46":0,"47":0,"48":0,"49":0,"50":0,"51":0,"52":0,"53":0,"54":0,"55":0,"56":0,"57":0,"58":0,"59":0,"60":0,"61":0,"62":0,"63":0,"64":0,"65":0,"66":0,"67":0,"68":0,"69":0,"70":0,"71":0,"72":0,"73":0,"74":0,"75":0,"76":0,"77":0,"78":0,"79":0,"80":0,"81":0,"82":0,"83":0,"84":0,"85":0,"86":0,"87":0,"88":0,"89":0,"90":0,"91":0,"92":0},"f":{"0":0,"1":0,"2":0,"3":0,"4":0,"5":0,"6":0,"7":0,"8":0,"9":0},"b":{"0":[0,0],"1":[0,0],"2":[0,0],"3":[0,0],"4":[0,0],"5":[0,0],"6":[0,0],"7":[0,0],"8":[0,0]},"meta":{"lastBranch":9,"lastFunction":10,"lastStatement":93,"seen":{"s:10:22:10:Infinity":0,"s:13:18:13:Infinity":1,"s:14:26:14:Infinity":2,"s:15:20:15:Infinity":3,"s:49:21:49:Infinity":4,"s:50:22:50:Infinity":5,"f:55:8:55:Infinity":0,"s:61:17:61:Infinity":6,"s:64:20:64:Infinity":7,"s:65:23:65:Infinity":8,"s:66:23:66:Infinity":9,"s:69:22:69:Infinity":10,"s:70:20:70:Infinity":11,"f:70:34:70:39":1,"s:70:39:70:70":12,"s:72:4:72:Infinity":13,"f:78:8:78:12":2,"s:79:4:130:Infinity":14,"s:80:22:80:Infinity":15,"s:81:21:81:Infinity":16,"b:81:21:81:45:81:45:81:Infinity":0,"s:83:20:83:Infinity":17,"b:85:6:89:Infinity:undefined:undefined:undefined:undefined":1,"s:85:6:89:Infinity":18,"s:86:8:86:Infinity":19,"s:87:8:87:Infinity":20,"s:88:8:88:Infinity":21,"b:92:6:97:Infinity:undefined:undefined:undefined:undefined":2,"s:92:6:97:Infinity":22,"s:93:8:93:Infinity":23,"s:94:8:94:Infinity":24,"s:95:8:95:Infinity":25,"s:96:8:96:Infinity":26,"s:100:18:100:Infinity":27,"s:101:18:101:Infinity":28,"b:103:6:108:Infinity:undefined:undefined:undefined:undefined":3,"s:103:6:108:Infinity":29,"s:104:8:104:Infinity":30,"s:105:8:105:Infinity":31,"s:106:8:106:Infinity":32,"s:107:8:107:Infinity":33,"s:111:6:111:Infinity":34,"s:112:6:112:Infinity":35,"s:113:6:113:Infinity":36,"s:115:6:115:Infinity":37,"s:117:6:121:Infinity":38,"s:123:6:123:Infinity":39,"s:124:6:124:Infinity":40,"s:127:6:127:Infinity":41,"s:128:6:128:Infinity":42,"s:129:6:129:Infinity":43,"f:136:8:136:Infinity":3,"s:141:4:178:Infinity":44,"s:142:22:142:Infinity":45,"s:143:21:143:Infinity":46,"b:143:21:143:45:143:45:143:Infinity":4,"s:146:26:146:Infinity":47,"b:147:6:150:Infinity:undefined:undefined:undefined:undefined":5,"s:147:6:150:Infinity":48,"s:148:8:148:Infinity":49,"s:149:8:149:Infinity":50,"s:153:32:164:Infinity":51,"s:166:6:166:Infinity":52,"s:168:6:168:Infinity":53,"s:170:6:173:Infinity":54,"s:176:6:176:Infinity":55,"f:184:8:184:15":4,"s:185:4:197:Infinity":56,"s:186:22:186:Infinity":57,"s:187:21:187:Infinity":58,"b:187:21:187:45:187:45:187:Infinity":6,"s:189:6:189:Infinity":59,"s:191:6:191:Infinity":60,"s:193:6:193:Infinity":61,"s:196:6:196:Infinity":62,"f:203:8:203:31":5,"s:204:4:214:Infinity":63,"s:205:6:205:Infinity":64,"s:206:6:206:Infinity":65,"s:207:6:207:Infinity":66,"s:209:6:209:Infinity":67,"s:212:6:212:Infinity":68,"s:213:6:213:Infinity":69,"f:220:8:220:40":6,"s:221:4:258:Infinity":70,"s:222:22:222:Infinity":71,"s:223:21:223:Infinity":72,"b:223:21:223:45:223:45:223:Infinity":7,"s:225:22:225:Infinity":73,"s:226:27:226:Infinity":74,"s:229:24:229:Infinity":75,"b:235:6:239:Infinity:undefined:undefined:undefined:undefined":8,"s:235:6:239:Infinity":76,"s:236:27:236:Infinity":77,"f:236:39:236:44":7,"s:236:44:236:64":78,"s:237:8:237:Infinity":79,"s:238:8:238:Infinity":80,"s:241:6:248:Infinity":81,"s:251:6:251:Infinity":82,"s:252:6:257:Infinity":83,"f:264:16:264:35":8,"s:265:20:265:Infinity":84,"s:268:4:268:Infinity":85,"f:268:17:268:18":9,"s:268:27:268:82":86,"s:271:23:271:Infinity":87,"s:272:20:272:Infinity":88,"s:274:4:274:Infinity":89,"s:276:4:278:Infinity":90,"s:277:6:277:Infinity":91,"s:283:24:283:Infinity":92}}}
,"C:\\Users\\sunio\\Desktop\\pr-convention-bridge\\src\\background\\llm\\claude-client.ts": {"path":"C:\\Users\\sunio\\Desktop\\pr-convention-bridge\\src\\background\\llm\\claude-client.ts","statementMap":{"0":{"start":{"line":11,"column":26},"end":{"line":11,"column":null}},"1":{"start":{"line":12,"column":28},"end":{"line":12,"column":null}},"2":{"start":{"line":13,"column":27},"end":{"line":13,"column":null}},"3":{"start":{"line":16,"column":4},"end":{"line":16,"column":null}},"4":{"start":{"line":18,"column":4},"end":{"line":18,"column":null}},"5":{"start":{"line":22,"column":4},"end":{"line":38,"column":null}},"6":{"start":{"line":23,"column":6},"end":{"line":23,"column":null}},"7":{"start":{"line":25,"column":21},"end":{"line":27,"column":null}},"8":{"start":{"line":26,"column":8},"end":{"line":26,"column":null}},"9":{"start":{"line":29,"column":6},"end":{"line":29,"column":null}},"10":{"start":{"line":30,"column":6},"end":{"line":30,"column":null}},"11":{"start":{"line":33,"column":6},"end":{"line":33,"column":null}},"12":{"start":{"line":34,"column":6},"end":{"line":37,"column":null}},"13":{"start":{"line":42,"column":10},"end":{"line":42,"column":null}},"14":{"start":{"line":44,"column":21},"end":{"line":63,"column":null}},"15":{"start":{"line":65,"column":4},"end":{"line":72,"column":null}},"16":{"start":{"line":66,"column":24},"end":{"line":66,"column":null}},"17":{"start":{"line":66,"column":59},"end":{"line":66,"column":62}},"18":{"start":{"line":67,"column":6},"end":{"line":71,"column":null}},"19":{"start":{"line":74,"column":17},"end":{"line":74,"column":null}},"20":{"start":{"line":75,"column":24},"end":{"line":75,"column":null}},"21":{"start":{"line":77,"column":4},"end":{"line":79,"column":null}},"22":{"start":{"line":78,"column":6},"end":{"line":78,"column":null}},"23":{"start":{"line":82,"column":19},"end":{"line":82,"column":null}},"24":{"start":{"line":85,"column":4},"end":{"line":87,"column":null}},"25":{"start":{"line":86,"column":6},"end":{"line":86,"column":null}},"26":{"start":{"line":89,"column":4},"end":{"line":95,"column":null}},"27":{"start":{"line":102,"column":4},"end":{"line":110,"column":null}},"28":{"start":{"line":103,"column":23},"end":{"line":105,"column":null}},"29":{"start":{"line":104,"column":8},"end":{"line":104,"column":null}},"30":{"start":{"line":106,"column":6},"end":{"line":106,"column":null}},"31":{"start":{"line":108,"column":6},"end":{"line":108,"column":null}},"32":{"start":{"line":109,"column":6},"end":{"line":109,"column":null}},"33":{"start":{"line":114,"column":21},"end":{"line":133,"column":null}},"34":{"start":{"line":135,"column":4},"end":{"line":142,"column":null}},"35":{"start":{"line":136,"column":24},"end":{"line":136,"column":null}},"36":{"start":{"line":136,"column":59},"end":{"line":136,"column":62}},"37":{"start":{"line":137,"column":6},"end":{"line":141,"column":null}},"38":{"start":{"line":144,"column":17},"end":{"line":144,"column":null}},"39":{"start":{"line":145,"column":24},"end":{"line":145,"column":null}},"40":{"start":{"line":147,"column":4},"end":{"line":149,"column":null}},"41":{"start":{"line":148,"column":6},"end":{"line":148,"column":null}},"42":{"start":{"line":151,"column":4},"end":{"line":151,"column":null}}},"fnMap":{"0":{"name":"(anonymous_0)","decl":{"start":{"line":15,"column":8},"end":{"line":15,"column":23}},"loc":{"start":{"line":15,"column":86},"end":{"line":19,"column":null}},"line":15},"1":{"name":"(anonymous_1)","decl":{"start":{"line":21,"column":18},"end":{"line":21,"column":34}},"loc":{"start":{"line":21,"column":97},"end":{"line":39,"column":null}},"line":21},"2":{"name":"(anonymous_2)","decl":{"start":{"line":25,"column":38},"end":{"line":25,"column":null}},"loc":{"start":{"line":26,"column":8},"end":{"line":26,"column":null}},"line":26},"3":{"name":"(anonymous_3)","decl":{"start":{"line":41,"column":16},"end":{"line":41,"column":32}},"loc":{"start":{"line":41,"column":101},"end":{"line":96,"column":null}},"line":41},"4":{"name":"(anonymous_4)","decl":{"start":{"line":66,"column":52},"end":{"line":66,"column":59}},"loc":{"start":{"line":66,"column":59},"end":{"line":66,"column":62}},"line":66},"5":{"name":"(anonymous_5)","decl":{"start":{"line":101,"column":8},"end":{"line":101,"column":25}},"loc":{"start":{"line":101,"column":58},"end":{"line":111,"column":null}},"line":101},"6":{"name":"(anonymous_6)","decl":{"start":{"line":103,"column":40},"end":{"line":103,"column":null}},"loc":{"start":{"line":104,"column":8},"end":{"line":104,"column":null}},"line":104},"7":{"name":"(anonymous_7)","decl":{"start":{"line":113,"column":16},"end":{"line":113,"column":34}},"loc":{"start":{"line":113,"column":67},"end":{"line":152,"column":null}},"line":113},"8":{"name":"(anonymous_8)","decl":{"start":{"line":136,"column":52},"end":{"line":136,"column":59}},"loc":{"start":{"line":136,"column":59},"end":{"line":136,"column":62}},"line":136}},"branchMap":{"0":{"loc":{"start":{"line":36,"column":15},"end":{"line":36,"column":null}},"type":"cond-expr","locations":[{"start":{"line":36,"column":40},"end":{"line":36,"column":56}},{"start":{"line":36,"column":56},"end":{"line":36,"column":null}}],"line":36},"1":{"loc":{"start":{"line":65,"column":4},"end":{"line":72,"column":null}},"type":"if","locations":[{"start":{"line":65,"column":4},"end":{"line":72,"column":null}},{"start":{},"end":{}}],"line":65},"2":{"loc":{"start":{"line":68,"column":8},"end":{"line":68,"column":null}},"type":"binary-expr","locations":[{"start":{"line":68,"column":8},"end":{"line":68,"column":36}},{"start":{"line":68,"column":36},"end":{"line":68,"column":null}}],"line":68},"3":{"loc":{"start":{"line":77,"column":4},"end":{"line":79,"column":null}},"type":"if","locations":[{"start":{"line":77,"column":4},"end":{"line":79,"column":null}},{"start":{},"end":{}}],"line":77},"4":{"loc":{"start":{"line":85,"column":4},"end":{"line":87,"column":null}},"type":"if","locations":[{"start":{"line":85,"column":4},"end":{"line":87,"column":null}},{"start":{},"end":{}}],"line":85},"5":{"loc":{"start":{"line":85,"column":8},"end":{"line":85,"column":56}},"type":"binary-expr","locations":[{"start":{"line":85,"column":8},"end":{"line":85,"column":27}},{"start":{"line":85,"column":27},"end":{"line":85,"column":56}}],"line":85},"6":{"loc":{"start":{"line":92,"column":24},"end":{"line":92,"column":null}},"type":"binary-expr","locations":[{"start":{"line":92,"column":24},"end":{"line":92,"column":51}},{"start":{"line":92,"column":51},"end":{"line":92,"column":null}}],"line":92},"7":{"loc":{"start":{"line":93,"column":26},"end":{"line":93,"column":null}},"type":"binary-expr","locations":[{"start":{"line":93,"column":26},"end":{"line":93,"column":55}},{"start":{"line":93,"column":55},"end":{"line":93,"column":null}}],"line":93},"8":{"loc":{"start":{"line":135,"column":4},"end":{"line":142,"column":null}},"type":"if","locations":[{"start":{"line":135,"column":4},"end":{"line":142,"column":null}},{"start":{},"end":{}}],"line":135},"9":{"loc":{"start":{"line":138,"column":8},"end":{"line":138,"column":null}},"type":"binary-expr","locations":[{"start":{"line":138,"column":8},"end":{"line":138,"column":36}},{"start":{"line":138,"column":36},"end":{"line":138,"column":null}}],"line":138},"10":{"loc":{"start":{"line":147,"column":4},"end":{"line":149,"column":null}},"type":"if","locations":[{"start":{"line":147,"column":4},"end":{"line":149,"column":null}},{"start":{},"end":{}}],"line":147}},"s":{"0":0,"1":0,"2":0,"3":0,"4":0,"5":0,"6":0,"7":0,"8":0,"9":0,"10":0,"11":0,"12":0,"13":0,"14":0,"15":0,"16":0,"17":0,"18":0,"19":0,"20":0,"21":0,"22":0,"23":0,"24":0,"25":0,"26":0,"27":0,"28":0,"29":0,"30":0,"31":0,"32":0,"33":0,"34":0,"35":0,"36":0,"37":0,"38":0,"39":0,"40":0,"41":0,"42":0},"f":{"0":0,"1":0,"2":0,"3":0,"4":0,"5":0,"6":0,"7":0,"8":0},"b":{"0":[0,0],"1":[0,0],"2":[0,0],"3":[0,0],"4":[0,0],"5":[0,0],"6":[0,0],"7":[0,0],"8":[0,0],"9":[0,0],"10":[0,0]},"meta":{"lastBranch":11,"lastFunction":9,"lastStatement":43,"seen":{"s:11:26:11:Infinity":0,"s:12:28:12:Infinity":1,"s:13:27:13:Infinity":2,"f:15:8:15:23":0,"s:16:4:16:Infinity":3,"s:18:4:18:Infinity":4,"f:21:18:21:34":1,"s:22:4:38:Infinity":5,"s:23:6:23:Infinity":6,"s:25:21:27:Infinity":7,"f:25:38:25:Infinity":2,"s:26:8:26:Infinity":8,"s:29:6:29:Infinity":9,"s:30:6:30:Infinity":10,"s:33:6:33:Infinity":11,"s:34:6:37:Infinity":12,"b:36:40:36:56:36:56:36:Infinity":0,"f:41:16:41:32":3,"s:42:10:42:Infinity":13,"s:44:21:63:Infinity":14,"b:65:4:72:Infinity:undefined:undefined:undefined:undefined":1,"s:65:4:72:Infinity":15,"s:66:24:66:Infinity":16,"f:66:52:66:59":4,"s:66:59:66:62":17,"s:67:6:71:Infinity":18,"b:68:8:68:36:68:36:68:Infinity":2,"s:74:17:74:Infinity":19,"s:75:24:75:Infinity":20,"b:77:4:79:Infinity:undefined:undefined:undefined:undefined":3,"s:77:4:79:Infinity":21,"s:78:6:78:Infinity":22,"s:82:19:82:Infinity":23,"b:85:4:87:Infinity:undefined:undefined:undefined:undefined":4,"s:85:4:87:Infinity":24,"b:85:8:85:27:85:27:85:56":5,"s:86:6:86:Infinity":25,"s:89:4:95:Infinity":26,"b:92:24:92:51:92:51:92:Infinity":6,"b:93:26:93:55:93:55:93:Infinity":7,"f:101:8:101:25":5,"s:102:4:110:Infinity":27,"s:103:23:105:Infinity":28,"f:103:40:103:Infinity":6,"s:104:8:104:Infinity":29,"s:106:6:106:Infinity":30,"s:108:6:108:Infinity":31,"s:109:6:109:Infinity":32,"f:113:16:113:34":7,"s:114:21:133:Infinity":33,"b:135:4:142:Infinity:undefined:undefined:undefined:undefined":8,"s:135:4:142:Infinity":34,"s:136:24:136:Infinity":35,"f:136:52:136:59":8,"s:136:59:136:62":36,"s:137:6:141:Infinity":37,"b:138:8:138:36:138:36:138:Infinity":9,"s:144:17:144:Infinity":38,"s:145:24:145:Infinity":39,"b:147:4:149:Infinity:undefined:undefined:undefined:undefined":10,"s:147:4:149:Infinity":40,"s:148:6:148:Infinity":41,"s:151:4:151:Infinity":42}}}
[...]
"start":{"line":115,"column":10},"end":{"line":115,"column":29}},{"start":{"line":115,"column":29},"end":{"line":115,"column":38}},{"start":{"line":115,"column":38},"end":{"line":115,"column":65}}],"line":115},"9":{"loc":{"start":{"line":147,"column":4},"end":{"line":149,"column":null}},"type":"if","locations":[{"start":{"line":147,"column":4},"end":{"line":149,"column":null}},{"start":{},"end":{}}],"line":147},"10":{"loc":{"start":{"line":157,"column":6},"end":{"line":157,"column":null}},"type":"if","locations":[{"start":{"line":157,"column":6},"end":{"line":157,"column":null}},{"start":{},"end":{}}],"line":157},"11":{"loc":{"start":{"line":167,"column":6},"end":{"line":170,"column":null}},"type":"if","locations":[{"start":{"line":167,"column":6},"end":{"line":170,"column":null}},{"start":{},"end":{}}],"line":167},"12":{"loc":{"start":{"line":173,"column":6},"end":{"line":180,"column":null}},"type":"if","locations":[{"start":{"line":173,"column":6},"end":{"line":180,"column":null}},{"start":{},"end":{}}],"line":173},"13":{"loc":{"start":{"line":173,"column":10},"end":{"line":173,"column":56}},"type":"binary-expr","locations":[{"start":{"line":173,"column":10},"end":{"line":173,"column":29}},{"start":{"line":173,"column":29},"end":{"line":173,"column":56}}],"line":173},"14":{"loc":{"start":{"line":189,"column":4},"end":{"line":191,"column":null}},"type":"if","locations":[{"start":{"line":189,"column":4},"end":{"line":191,"column":null}},{"start":{},"end":{}}],"line":189},"15":{"loc":{"start":{"line":194,"column":4},"end":{"line":196,"column":null}},"type":"if","locations":[{"start":{"line":194,"column":4},"end":{"line":196,"column":null}},{"start":{},"end":{}}],"line":194},"16":{"loc":{"start":{"line":216,"column":6},"end":{"line":216,"column":null}},"type":"if","locations":[{"start":{"line":216,"column":6},"end":{"line":216,"column":null}},{"start":{},"end":{}}],"line":216},"17":{"loc":{"start":{"line":219,"column":6},"end":{"line":219,"column":null}},"type":"if","locations":[{"start":{"line":219,"column":6},"end":{"line":219,"column":null}},{"start":{},"end":{}}],"line":219},"18":{"loc":{"start":{"line":224,"column":6},"end":{"line":226,"column":null}},"type":"if","locations":[{"start":{"line":224,"column":6},"end":{"line":226,"column":null}},{"start":{},"end":{}}],"line":224},"19":{"loc":{"start":{"line":245,"column":6},"end":{"line":245,"column":null}},"type":"if","locations":[{"start":{"line":245,"column":6},"end":{"line":245,"column":null}},{"start":{},"end":{}}],"line":245},"20":{"loc":{"start":{"line":248,"column":6},"end":{"line":248,"column":null}},"type":"if","locations":[{"start":{"line":248,"column":6},"end":{"line":248,"column":null}},{"start":{},"end":{}}],"line":248},"21":{"loc":{"start":{"line":255,"column":28},"end":{"line":255,"column":null}},"type":"binary-expr","locations":[{"start":{"line":255,"column":28},"end":{"line":255,"column":43}},{"start":{"line":255,"column":43},"end":{"line":255,"column":null}}],"line":255},"22":{"loc":{"start":{"line":257,"column":6},"end":{"line":261,"column":null}},"type":"if","locations":[{"start":{"line":257,"column":6},"end":{"line":261,"column":null}},{"start":{"line":259,"column":13},"end":{"line":261,"column":null}}],"line":257},"23":{"loc":{"start":{"line":280,"column":4},"end":{"line":280,"column":null}},"type":"if","locations":[{"start":{"line":280,"column":4},"end":{"line":280,"column":null}},{"start":{},"end":{}}],"line":280},"24":{"loc":{"start":{"line":283,"column":4},"end":{"line":283,"column":null}},"type":"if","locations":[{"start":{"line":283,"column":4},"end":{"line":283,"column":null}},{"start":{},"end":{}}],"line":283},"25":{"loc":{"start":{"line":296,"column":4},"end":{"line":299,"column":null}},"type":"if","locations":[{"start":{"line":296,"column":4},"end":{"line":299,"column":null}},{"start":{},"end":{}}],"line":296},"26":{"loc":{"start":{"line":302,"column":4},"end":{"line":302,"column":null}},"type":"if","locations":[{"start":{"line":302,"column":4},"end":{"line":302,"column":null}},{"start":{},"end":{}}],"line":302},"27":{"loc":{"start":{"line":317,"column":6},"end":{"line":317,"column":null}},"type":"if","locations":[{"start":{"line":317,"column":6},"end":{"line":317,"column":null}},{"start":{},"end":{}}],"line":317},"28":{"loc":{"start":{"line":334,"column":6},"end":{"line":334,"column":null}},"type":"if","locations":[{"start":{"line":334,"column":6},"end":{"line":334,"column":null}},{"start":{},"end":{}}],"line":334},"29":{"loc":{"start":{"line":344,"column":4},"end":{"line":355,"column":null}},"type":"switch","locations":[{"start":{"line":345,"column":6},"end":{"line":346,"column":null}},{"start":{"line":348,"column":6},"end":{"line":349,"column":null}},{"start":{"line":351,"column":6},"end":{"line":351,"column":null}},{"start":{"line":352,"column":6},"end":{"line":352,"column":null}},{"start":{"line":353,"column":6},"end":{"line":354,"column":null}}],"line":344},"30":{"loc":{"start":{"line":362,"column":4},"end":{"line":376,"column":null}},"type":"switch","locations":[{"start":{"line":363,"column":6},"end":{"line":365,"column":null}},{"start":{"line":367,"column":6},"end":{"line":369,"column":null}},{"start":{"line":371,"column":6},"end":{"line":371,"column":null}},{"start":{"line":372,"column":6},"end":{"line":372,"column":null}},{"start":{"line":373,"column":6},"end":{"line":375,"column":null}}],"line":362},"31":{"loc":{"start":{"line":368,"column":54},"end":{"line":368,"column":65}},"type":"binary-expr","locations":[{"start":{"line":368,"column":54},"end":{"line":368,"column":63}},{"start":{"line":368,"column":63},"end":{"line":368,"column":65}}],"line":368},"32":{"loc":{"start":{"line":374,"column":53},"end":{"line":374,"column":64}},"type":"binary-expr","locations":[{"start":{"line":374,"column":53},"end":{"line":374,"column":62}},{"start":{"line":374,"column":62},"end":{"line":374,"column":64}}],"line":374},"33":{"loc":{"start":{"line":383,"column":4},"end":{"line":385,"column":null}},"type":"if","locations":[{"start":{"line":383,"column":4},"end":{"line":385,"column":null}},{"start":{},"end":{}}],"line":383},"34":{"loc":{"start":{"line":383,"column":8},"end":{"line":383,"column":47}},"type":"binary-expr","locations":[{"start":{"line":383,"column":8},"end":{"line":383,"column":31}},{"start":{"line":383,"column":31},"end":{"line":383,"column":47}}],"line":383},"35":{"loc":{"start":{"line":387,"column":4},"end":{"line":397,"column":null}},"type":"switch","locations":[{"start":{"line":388,"column":6},"end":{"line":390,"column":null}},{"start":{"line":392,"column":6},"end":{"line":392,"column":null}},{"start":{"line":393,"column":6},"end":{"line":393,"column":null}},{"start":{"line":394,"column":6},"end":{"line":394,"column":null}},{"start":{"line":395,"column":6},"end":{"line":396,"column":null}}],"line":387},"36":{"loc":{"start":{"line":396,"column":15},"end":{"line":396,"column":null}},"type":"binary-expr","locations":[{"start":{"line":396,"column":15},"end":{"line":396,"column":44}},{"start":{"line":396,"column":44},"end":{"line":396,"column":null}}],"line":396},"37":{"loc":{"start":{"line":407,"column":4},"end":{"line":417,"column":null}},"type":"if","locations":[{"start":{"line":407,"column":4},"end":{"line":417,"column":null}},{"start":{},"end":{}}],"line":407},"38":{"loc":{"start":{"line":409,"column":8},"end":{"line":411,"column":null}},"type":"binary-expr","locations":[{"start":{"line":409,"column":8},"end":{"line":409,"column":null}},{"start":{"line":410,"column":8},"end":{"line":410,"column":null}},{"start":{"line":411,"column":9},"end":{"line":411,"column":38}},{"start":{"line":411,"column":38},"end":{"line":411,"column":null}}],"line":409},"39":{"loc":{"start":{"line":414,"column":6},"end":{"line":416,"column":null}},"type":"if","locations":[{"start":{"line":414,"column":6},"end":{"line":416,"column":null}},{"start":{},"end":{}}],"line":414},"40":{"loc":{"start":{"line":415,"column":15},"end":{"line":415,"column":null}},"type":"binary-expr","locations":[{"start":{"line":415,"column":15},"end":{"line":415,"column":32}},{"start":{"line":415,"column":32},"end":{"line":415,"column":null}}],"line":415},"41":{"loc":{"start":{"line":420,"column":4},"end":{"line":424,"column":null}},"type":"if","locations":[{"start":{"line":420,"column":4},"end":{"line":424,"column":null}},{"start":{},"end":{}}],"line":420},"42":{"loc":{"start":{"line":420,"column":8},"end":{"line":420,"column":75}},"type":"binary-expr","locations":[{"start":{"line":420,"column":8},"end":{"line":420,"column":25}},{"start":{"line":420,"column":25},"end":{"line":420,"column":54}},{"start":{"line":420,"column":54},"end":{"line":420,"column":75}}],"line":420},"43":{"loc":{"start":{"line":421,"column":6},"end":{"line":423,"column":null}},"type":"if","locations":[{"start":{"line":421,"column":6},"end":{"line":423,"column":null}},{"start":{},"end":{}}],"line":421},"44":{"loc":{"start":{"line":422,"column":15},"end":{"line":422,"column":null}},"type":"binary-expr","locations":[{"start":{"line":422,"column":15},"end":{"line":422,"column":32}},{"start":{"line":422,"column":32},"end":{"line":422,"column":null}}],"line":422},"45":{"loc":{"start":{"line":427,"column":4},"end":{"line":437,"column":null}},"type":"if","locations":[{"start":{"line":427,"column":4},"end":{"line":437,"column":null}},{"start":{},"end":{}}],"line":427},"46":{"loc":{"start":{"line":430,"column":6},"end":{"line":432,"column":null}},"type":"if","locations":[{"start":{"line":430,"column":6},"end":{"line":432,"column":null}},{"start":{},"end":{}}],"line":430},"47":{"loc":{"start":{"line":431,"column":15},"end":{"line":431,"column":null}},"type":"binary-expr","locations":[{"start":{"line":431,"column":15},"end":{"line":431,"column":32}},{"start":{"line":431,"column":32},"end":{"line":431,"column":null}}],"line":431},"48":{"loc":{"start":{"line":434,"column":6},"end":{"line":436,"column":null}},"type":"if","locations":[{"start":{"line":434,"column":6},"end":{"line":436,"column":null}},{"start":{},"end":{}}],"line":434},"49":{"loc":{"start":{"line":446,"column":4},"end":{"line":455,"column":null}},"type":"switch","locations":[{"start":{"line":447,"column":6},"end":{"line":447,"column":null}},{"start":{"line":448,"column":6},"end":{"line":449,"column":null}},{"start":{"line":451,"column":6},"end":{"line":451,"column":null}},{"start":{"line":452,"column":6},"end":{"line":452,"column":null}},{"start":{"line":453,"column":6},"end":{"line":454,"column":null}}],"line":446}},"s":{"0":57,"1":1,"2":56,"3":1,"4":55,"5":55,"6":55,"7":55,"8":51,"9":213,"10":213,"11":1,"12":1,"13":212,"14":51,"15":6,"16":30,"17":6,"18":6,"19":30,"20":30,"21":0,"22":30,"23":30,"24":24,"25":30,"26":2,"27":2,"28":1,"29":1,"30":30,"31":30,"32":6,"33":8,"34":8,"35":1,"36":7,"37":7,"38":7,"39":32,"40":32,"41":0,"42":32,"43":32,"44":32,"45":32,"46":15,"47":15,"48":17,"49":2,"50":2,"51":1,"52":1,"53":16,"54":6,"55":6,"56":6,"57":6,"58":6,"59":6,"60":6,"61":6,"62":17,"63":17,"64":46,"65":35,"66":11,"67":11,"68":0,"69":11,"70":11,"71":11,"72":8,"73":17,"74":18,"75":18,"76":86,"77":68,"78":18,"79":18,"80":0,"81":18,"82":18,"83":18,"84":86,"85":7,"86":11,"87":3,"88":3,"89":6,"90":6,"91":1,"92":5,"93":11,"94":5,"95":0,"96":5,"97":8,"98":8,"99":1,"100":1,"101":7,"102":16,"103":7,"104":0,"105":7,"106":7,"107":7,"108":0,"109":0,"110":0,"111":0,"112":0,"113":0,"114":0,"115":21,"116":101,"117":101,"118":0,"119":101,"120":149,"121":27,"122":27,"123":95,"124":37,"125":9,"126":9,"127":7,"128":7,"129":21,"130":21,"131":32,"132":0,"133":32,"134":6,"135":26,"136":11,"137":5,"138":5,"139":5,"140":6,"141":2,"142":1,"143":5,"144":3,"145":3,"146":1,"147":2,"148":1,"149":3,"150":0,"151":0,"152":0},"f":{"0":57,"1":51,"2":6,"3":30,"4":8,"5":17,"6":18,"7":3,"8":6,"9":11,"10":8,"11":16,"12":0,"13":0,"14":21,"15":149,"16":37,"17":32,"18":11,"19":0},"b":{"0":[1,56],"1":[57,57],"2":[1,55],"3":[1,212],"4":[0,30],"5":[24,6],"6":[30,8],"7":[2,28],"8":[30,6,2],"9":[1,7],"10":[0,32],"11":[15,17],"12":[2,15],"13":[17,2],"14":[6,0],"15":[6,0],"16":[35,11],"17":[0,11],"18":[8,3],"19":[68,18],"20":[0,18],"21":[18,1],"22":[7,11],"23":[1,5],"24":[0,5],"25":[1,7],"26":[0,7],"27":[0,0],"28":[0,101],"29":[27,27,66,95,95],"30":[9,7,15,21,21],"31":[7,1],"32":[21,12],"33":[0,32],"34":[32,32],"35":[6,13,20,26,26],"36":[26,26],"37":[5,6],"38":[5,5,5,5],"39":[5,0],"40":[5,1],"41":[2,4],"42":[6,3,3],"43":[1,1],"44":[1,0],"45":[3,2],"46":[1,2],"47":[1,0],"48":[1,1],"49":[0,0,0,0,0]},"meta":{"lastBranch":50,"lastFunction":20,"lastStatement":153,"seen":{"f:53:2:53:14":0,"b:54:4:56:Infinity:undefined:undefined:undefined:undefined":0,"s:54:4:56:Infinity":0,"b:54:8:54:19:54:19:54:40":1,"s:55:6:55:Infinity":1,"b:58:4:60:Infinity:undefined:undefined:undefined:undefined":2,"s:58:4:60:Infinity":2,"s:59:6:59:Infinity":3,"s:62:4:62:Infinity":4,"s:63:4:63:Infinity":5,"s:64:4:64:Infinity":6,"s:65:4:65:Infinity":7,"f:74:2:74:23":1,"s:75:4:84:Infinity":8,"s:76:22:76:Infinity":9,"b:78:6:81:Infinity:undefined:undefined:undefined:undefined":3,"s:78:6:81:Infinity":10,"s:79:8:79:Infinity":11,"s:80:8:80:Infinity":12,"s:83:6:83:Infinity":13,"s:86:4:86:Infinity":14,"f:95:8:95:30":2,"s:97:24:97:Infinity":15,"f:97:40:97:45":3,"s:97:45:97:57":16,"s:100:19:100:Infinity":17,"s:103:4:129:Infinity":18,"s:104:22:104:Infinity":19,"b:105:6:105:Infinity:undefined:undefined:undefined:undefined":4,"s:105:6:105:Infinity":20,"s:105:20:105:Infinity":21,"s:107:18:107:Infinity":22,"b:110:6:112:Infinity:undefined:undefined:undefined:undefined":5,"s:110:6:112:Infinity":23,"b:110:10:110:33:110:33:110:49":6,"s:111:8:111:Infinity":24,"b:115:6:122:Infinity:undefined:undefined:undefined:undefined":7,"s:115:6:122:Infinity":25,"b:115:10:115:29:115:29:115:38:115:38:115:65":8,"s:116:8:121:Infinity":26,"s:117:10:117:Infinity":27,"s:119:10:119:Infinity":28,"s:120:10:120:Infinity":29,"s:125:6:125:Infinity":30,"s:128:6:128:Infinity":31,"s:132:4:132:Infinity":32,"f:144:8:144:42":4,"s:146:29:146:Infinity":33,"b:147:4:149:Infinity:undefined:undefined:undefined:undefined":9,"s:147:4:149:Infinity":34,"s:148:6:148:Infinity":35,"s:151:44:151:Infinity":36,"s:152:35:152:Infinity":37,"s:155:4:183:Infinity":38,"s:156:22:156:Infinity":39,"b:157:6:157:Infinity:undefined:undefined:undefined:undefined":10,"s:157:6:157:Infinity":40,"s:157:20:157:Infinity":41,"s:159:18:159:Infinity":42,"s:162:6:162:Infinity":43,"s:165:22:165:Infinity":44,"b:167:6:170:Infinity:undefined:undefined:undefined:undefined":11,"s:167:6:170:Infinity":45,"s:168:8:168:Infinity":46,"s:169:8:169:Infinity":47,"b:173:6:180:Infinity:undefined:undefined:undefined:undefined":12,"s:173:6:180:Infinity":48,"b:173:10:173:29:173:29:173:56":13,"s:174:8:179:Infinity":49,"s:175:10:175:Infinity":50,"s:177:10:177:Infinity":51,"s:178:10:178:Infinity":52,"s:182:6:182:Infinity":53,"s:186:40:186:Infinity":54,"b:189:4:191:Infinity:undefined:undefined:undefined:undefined":14,"s:189:4:191:Infinity":55,"s:190:6:190:Infinity":56,"b:194:4:196:Infinity:undefined:undefined:undefined:undefined":15,"s:194:4:196:Infinity":57,"s:195:6:195:Infinity":58,"s:198:4:198:Infinity":59,"s:200:4:200:Infinity":60,"s:202:4:202:Infinity":61,"f:212:2:212:31":5,"s:213:19:213:Infinity":62,"s:215:4:227:Infinity":63,"b:216:6:216:Infinity:undefined:undefined:undefined:undefined":16,"s:216:6:216:Infinity":64,"s:216:29:216:Infinity":65,"s:218:22:218:Infinity":66,"b:219:6:219:Infinity:undefined:undefined:undefined:undefined":17,"s:219:6:219:Infinity":67,"s:219:20:219:Infinity":68,"s:221:20:221:Infinity":69,"s:222:20:222:Infinity":70,"b:224:6:226:Infinity:undefined:undefined:undefined:undefined":18,"s:224:6:226:Infinity":71,"s:225:8:225:Infinity":72,"s:229:4:232:Infinity":73,"f:240:2:240:27":6,"s:242:4:242:Infinity":74,"s:244:4:262:Infinity":75,"b:245:6:245:Infinity:undefined:undefined:undefined:undefined":19,"s:245:6:245:Infinity":76,"s:245:26:245:Infinity":77,"s:247:22:247:Infinity":78,"b:248:6:248:Infinity:undefined:undefined:undefined:undefined":20,"s:248:6:248:Infinity":79,"s:248:20:248:Infinity":80,"s:251:25:251:Infinity":81,"s:254:26:254:Infinity":82,"s:255:28:255:Infinity":83,"b:255:28:255:43:255:43:255:Infinity":21,"b:257:6:261:Infinity:259:13:261:Infinity":22,"s:257:6:261:Infinity":84,"s:258:8:258:Infinity":85,"s:260:8:260:Infinity":86,"f:268:2:268:24":7,"s:269:4:269:Infinity":87,"s:270:4:270:Infinity":88,"f:278:2:278:11":8,"s:279:20:279:Infinity":89,"b:280:4:280:Infinity:undefined:undefined:undefined:undefined":23,"s:280:4:280:Infinity":90,"s:280:18:280:Infinity":91,"s:282:18:282:Infinity":92,"f:282:35:282:40":9,"s:282:40:282:56":93,"b:283:4:283:Infinity:undefined:undefined:undefined:undefined":24,"s:283:4:283:Infinity":94,"s:283:16:283:Infinity":95,"s:285:4:285:Infinity":96,"f:294:2:294:11":10,"s:295:20:295:Infinity":97,"b:296:4:299:Infinity:undefined:undefined:undefined:undefined":25,"s:296:4:299:Infinity":98,"s:297:6:297:Infinity":99,"s:298:6:298:Infinity":100,"s:301:18:301:Infinity":101,"f:301:35:301:40":11,"s:301:40:301:56":102,"b:302:4:302:Infinity:undefined:undefined:undefined:undefined":26,"s:302:4:302:Infinity":103,"s:302:16:302:Infinity":104,"s:304:4:304:Infinity":105,"s:305:4:305:Infinity":106,"s:308:4:308:Infinity":107,"f:314:2:314:32":12,"s:315:4:323:Infinity":108,"s:316:22:316:Infinity":109,"b:317:6:317:Infinity:undefined:undefined:undefined:undefined":27,"s:317:6:317:Infinity":110,"s:317:20:317:Infinity":111,"s:319:24:319:Infinity":112,"s:320:6:322:Infinity":113,"f:320:42:320:48":13,"s:321:8:321:Infinity":114,"f:331:10:331:38":14,"s:332:4:337:Infinity":115,"s:333:22:333:Infinity":116,"b:334:6:334:Infinity:undefined:undefined:undefined:undefined":28,"s:334:6:334:Infinity":117,"s:334:20:334:Infinity":118,"s:336:6:336:Infinity":119,"f:343:10:343:26":15,"b:345:6:346:Infinity:348:6:349:Infinity:351:6:351:Infinity:352:6:352:Infinity:353:6:354:Infinity":29,"s:344:4:355:Infinity":120,"s:346:8:346:Infinity":121,"s:349:8:349:Infinity":122,"s:354:8:354:Infinity":123,"f:361:10:361:26":16,"b:363:6:365:Infinity:367:6:369:Infinity:371:6:371:Infinity:372:6:372:Infinity:373:6:375:Infinity":30,"s:362:4:376:Infinity":124,"s:364:9:364:Infinity":125,"s:365:8:365:Infinity":126,"s:368:9:368:Infinity":127,"b:368:54:368:63:368:63:368:65":31,"s:369:8:369:Infinity":128,"s:374:9:374:Infinity":129,"b:374:53:374:62:374:62:374:64":32,"s:375:8:375:Infinity":130,"f:382:10:382:23":17,"b:383:4:385:Infinity:undefined:undefined:undefined:undefined":33,"s:383:4:385:Infinity":131,"b:383:8:383:31:383:31:383:47":34,"s:384:6:384:Infinity":132,"b:388:6:390:Infinity:392:6:392:Infinity:393:6:393:Infinity:394:6:394:Infinity:395:6:396:Infinity":35,"s:387:4:397:Infinity":133,"s:390:8:390:Infinity":134,"s:396:8:396:Infinity":135,"b:396:15:396:44:396:44:396:Infinity":36,"f:405:10:405:24":18,"b:407:4:417:Infinity:undefined:undefined:undefined:undefined":37,"s:407:4:417:Infinity":136,"s:409:8:411:Infinity":137,"b:409:8:409:Infinity:410:8:410:Infinity:411:9:411:38:411:38:411:Infinity":38,"b:414:6:416:Infinity:undefined:undefined:undefined:undefined":39,"s:414:6:416:Infinity":138,"s:415:8:415:Infinity":139,"b:415:15:415:32:415:32:415:Infinity":40,"b:420:4:424:Infinity:undefined:undefined:undefined:undefined":41,"s:420:4:424:Infinity":140,"b:420:8:420:25:420:25:420:54:420:54:420:75":42,"b:421:6:423:Infinity:undefined:undefined:undefined:undefined":43,"s:421:6:423:Infinity":141,"s:422:8:422:Infinity":142,"b:422:15:422:32:422:32:422:Infinity":44,"b:427:4:437:Infinity:undefined:undefined:undefined:undefined":45,"s:427:4:437:Infinity":143,"s:428:21:428:Infinity":144,"b:430:6:432:Infinity:undefined:undefined:undefined:undefined":46,"s:430:6:432:Infinity":145,"s:431:8:431:Infinity":146,"b:431:15:431:32:431:32:431:Infinity":47,"b:434:6:436:Infinity:undefined:undefined:undefined:undefined":48,"s:434:6:436:Infinity":147,"s:435:8:435:Infinity":148,"s:439:4:439:Infinity":149,"f:445:10:445:29":19,"b:447:6:447:Infinity:448:6:449:Infinity:451:6:451:Infinity:452:6:452:Infinity:453:6:454:Infinity":49,"s:446:4:455:Infinity":150,"s:449:8:449:Infinity":151,"s:454:8:454:Infinity":152}}}
}
